2025-03-13 15:39:35,347 [ERROR] Exception on /job/51/invoice [GET]
Traceback (most recent call last):
  File "/usr/lib/python3/dist-packages/flask/app.py", line 2525, in wsgi_app
    response = self.full_dispatch_request()
               ^^^^^^^^^^^^^^^^^^^^^^^^^^^^
  File "/usr/lib/python3/dist-packages/flask/app.py", line 1822, in full_dispatch_request
    rv = self.handle_user_exception(e)
         ^^^^^^^^^^^^^^^^^^^^^^^^^^^^^
  File "/usr/lib/python3/dist-packages/flask/app.py", line 1820, in full_dispatch_request
    rv = self.dispatch_request()
         ^^^^^^^^^^^^^^^^^^^^^^^
  File "/usr/lib/python3/dist-packages/flask/app.py", line 1796, in dispatch_request
    return self.ensure_sync(self.view_functions[rule.endpoint])(**view_args)
           ^^^^^^^^^^^^^^^^^^^^^^^^^^^^^^^^^^^^^^^^^^^^^^^^^^^^^^^^^^^^^^^^^
  File "/home/Jobmanager/app/db.py", line 35, in decorated_function
    return f(db, *args, **kwargs)
           ^^^^^^^^^^^^^^^^^^^^^^
  File "/home/Jobmanager/app/routes/job_routes.py", line 526, in invoice
    return render_template('invoice.html',
           ^^^^^^^^^^^^^^^^^^^^^^^^^^^^^^^
  File "/usr/lib/python3/dist-packages/flask/templating.py", line 147, in render_template
    return _render(app, template, context)
           ^^^^^^^^^^^^^^^^^^^^^^^^^^^^^^^
  File "/usr/lib/python3/dist-packages/flask/templating.py", line 130, in _render
    rv = template.render(context)
         ^^^^^^^^^^^^^^^^^^^^^^^^
  File "/usr/lib/python3/dist-packages/jinja2/environment.py", line 1301, in render
    self.environment.handle_exception()
  File "/usr/lib/python3/dist-packages/jinja2/environment.py", line 936, in handle_exception
    raise rewrite_traceback_stack(source=source)
  File "/home/Jobmanager/app/templates/invoice.html", line 2, in top-level template code
    {% extends "base.html" %}
  File "/home/Jobmanager/app/templates/base.html", line 43, in top-level template code
    {% block content %}{% endblock %}
    ^^^^^^^^^^^^^^^^^^^^^^^^^
  File "/home/Jobmanager/app/templates/invoice.html", line 67, in block 'content'
    {% set today_date = now().date().isoformat() %}
    ^^^^^^^^^^^^^^^^^^^^^^^^^
  File "/usr/lib/python3/dist-packages/jinja2/utils.py", line 86, in from_obj
    if hasattr(obj, "jinja_pass_arg"):
       ^^^^^^^^^^^^^^^^^^^^^^^^^^^^^^
jinja2.exceptions.UndefinedError: 'now' is undefined
2025-03-13 15:39:39,195 [ERROR] Exception on /job/details/51 [GET]
Traceback (most recent call last):
  File "/usr/lib/python3/dist-packages/flask/app.py", line 2525, in wsgi_app
    response = self.full_dispatch_request()
               ^^^^^^^^^^^^^^^^^^^^^^^^^^^^
  File "/usr/lib/python3/dist-packages/flask/app.py", line 1822, in full_dispatch_request
    rv = self.handle_user_exception(e)
         ^^^^^^^^^^^^^^^^^^^^^^^^^^^^^
  File "/usr/lib/python3/dist-packages/flask/app.py", line 1820, in full_dispatch_request
    rv = self.dispatch_request()
         ^^^^^^^^^^^^^^^^^^^^^^^
  File "/usr/lib/python3/dist-packages/flask/app.py", line 1796, in dispatch_request
    return self.ensure_sync(self.view_functions[rule.endpoint])(**view_args)
           ^^^^^^^^^^^^^^^^^^^^^^^^^^^^^^^^^^^^^^^^^^^^^^^^^^^^^^^^^^^^^^^^^
  File "/home/Jobmanager/app/db.py", line 35, in decorated_function
    return f(db, *args, **kwargs)
           ^^^^^^^^^^^^^^^^^^^^^^
  File "/home/Jobmanager/app/routes/job_routes.py", line 349, in job_details
    return render_template('job_details.html',
          ^^^^^^^^^^^^^^^^^^^^^^^^^^^^^^^^^^^^
  File "/usr/lib/python3/dist-packages/flask/templating.py", line 146, in render_template
    template = app.jinja_env.get_or_select_template(template_name_or_list)
               ^^^^^^^^^^^^^^^^^^^^^^^^^^^^^^^^^^^^^^^^^^^^^^^^^^^^^^^^^^^
  File "/usr/lib/python3/dist-packages/jinja2/environment.py", line 1081, in get_or_select_template
    return self.get_template(template_name_or_list, parent, globals)
           ^^^^^^^^^^^^^^^^^^^^^^^^^^^^^^^^^^^^^^^^^^^^^^^^^^^^^^^^^
  File "/usr/lib/python3/dist-packages/jinja2/environment.py", line 1010, in get_template
    return self._load_template(name, globals)
           ^^^^^^^^^^^^^^^^^^^^^^^^^^^^^^^^^^
  File "/usr/lib/python3/dist-packages/jinja2/environment.py", line 969, in _load_template
    template = self.loader.load(self, name, self.make_globals(globals))
               ^^^^^^^^^^^^^^^^^^^^^^^^^^^^^^^^^^^^^^^^^^^^^^^^^^^^^^^^
  File "/usr/lib/python3/dist-packages/jinja2/loaders.py", line 138, in load
    code = environment.compile(source, name, filename)
           ^^^^^^^^^^^^^^^^^^^^^^^^^^^^^^^^^^^^^^^^^^^
  File "/usr/lib/python3/dist-packages/jinja2/environment.py", line 768, in compile
    self.handle_exception(source=source_hint)
  File "/usr/lib/python3/dist-packages/jinja2/environment.py", line 936, in handle_exception
    raise rewrite_traceback_stack(source=source)
  File "/home/Jobmanager/app/templates/job_details.html", line 94, in template
    {{ week|format_week }}:
jinja2.exceptions.TemplateAssertionError: No filter named 'format_week'.
2025-03-13 15:39:40,329 [ERROR] Exception on /job/details/51 [GET]
Traceback (most recent call last):
  File "/usr/lib/python3/dist-packages/flask/app.py", line 2525, in wsgi_app
    response = self.full_dispatch_request()
               ^^^^^^^^^^^^^^^^^^^^^^^^^^^^
  File "/usr/lib/python3/dist-packages/flask/app.py", line 1822, in full_dispatch_request
    rv = self.handle_user_exception(e)
         ^^^^^^^^^^^^^^^^^^^^^^^^^^^^^
  File "/usr/lib/python3/dist-packages/flask/app.py", line 1820, in full_dispatch_request
    rv = self.dispatch_request()
         ^^^^^^^^^^^^^^^^^^^^^^^
  File "/usr/lib/python3/dist-packages/flask/app.py", line 1796, in dispatch_request
    return self.ensure_sync(self.view_functions[rule.endpoint])(**view_args)
           ^^^^^^^^^^^^^^^^^^^^^^^^^^^^^^^^^^^^^^^^^^^^^^^^^^^^^^^^^^^^^^^^^
  File "/home/Jobmanager/app/db.py", line 35, in decorated_function
    return f(db, *args, **kwargs)
           ^^^^^^^^^^^^^^^^^^^^^^
  File "/home/Jobmanager/app/routes/job_routes.py", line 349, in job_details
    return render_template('job_details.html',
          ^^^^^^^^^^^^^^^^^^^^^^^^^^^^^^^^^^^^
  File "/usr/lib/python3/dist-packages/flask/templating.py", line 146, in render_template
    template = app.jinja_env.get_or_select_template(template_name_or_list)
               ^^^^^^^^^^^^^^^^^^^^^^^^^^^^^^^^^^^^^^^^^^^^^^^^^^^^^^^^^^^
  File "/usr/lib/python3/dist-packages/jinja2/environment.py", line 1081, in get_or_select_template
    return self.get_template(template_name_or_list, parent, globals)
           ^^^^^^^^^^^^^^^^^^^^^^^^^^^^^^^^^^^^^^^^^^^^^^^^^^^^^^^^^
  File "/usr/lib/python3/dist-packages/jinja2/environment.py", line 1010, in get_template
    return self._load_template(name, globals)
           ^^^^^^^^^^^^^^^^^^^^^^^^^^^^^^^^^^
  File "/usr/lib/python3/dist-packages/jinja2/environment.py", line 969, in _load_template
    template = self.loader.load(self, name, self.make_globals(globals))
               ^^^^^^^^^^^^^^^^^^^^^^^^^^^^^^^^^^^^^^^^^^^^^^^^^^^^^^^^
  File "/usr/lib/python3/dist-packages/jinja2/loaders.py", line 138, in load
    code = environment.compile(source, name, filename)
           ^^^^^^^^^^^^^^^^^^^^^^^^^^^^^^^^^^^^^^^^^^^
  File "/usr/lib/python3/dist-packages/jinja2/environment.py", line 768, in compile
    self.handle_exception(source=source_hint)
  File "/usr/lib/python3/dist-packages/jinja2/environment.py", line 936, in handle_exception
    raise rewrite_traceback_stack(source=source)
  File "/home/Jobmanager/app/templates/job_details.html", line 94, in template
    {{ week|format_week }}:
jinja2.exceptions.TemplateAssertionError: No filter named 'format_week'.
2025-03-13 15:57:28,872 [INFO] Root path: /home/Jobmanager
2025-03-13 15:57:28,872 [INFO] Current working directory: /home/Jobmanager
2025-03-13 15:57:28,872 [INFO] Instance path: /home/Jobmanager/instance
2025-03-13 15:57:28,872 [INFO] Creating full backup at: /home/Jobmanager/backups/jobmanager_backup_20250313_1557.zip
2025-03-13 15:57:28,872 [INFO] Adding file: /home/Jobmanager/run.py
2025-03-13 15:57:28,872 [INFO] Adding file: /home/Jobmanager/init_db.py
2025-03-13 15:57:28,873 [INFO] Adding to zip: app/db.py
2025-03-13 15:57:28,873 [INFO] Adding to zip: app/__init__.py
2025-03-13 15:57:28,873 [INFO] Adding to zip: app/schema.sql
2025-03-13 15:57:28,874 [INFO] Adding to zip: app/routes/image_routes.py
2025-03-13 15:57:28,874 [INFO] Adding to zip: app/routes/system_routes.py
2025-03-13 15:57:28,875 [INFO] Adding to zip: app/routes/__init__.py
2025-03-13 15:57:28,875 [INFO] Adding to zip: app/routes/customer_routes.py
2025-03-13 15:57:28,875 [INFO] Adding to zip: app/routes/job_routes.py
2025-03-13 15:57:28,876 [INFO] Adding to zip: app/routes/report_routes.py
2025-03-13 15:57:28,877 [INFO] Adding to zip: app/routes/timer_routes.py
2025-03-13 15:57:28,877 [INFO] Adding to zip: app/utils/date_helper.py
2025-03-13 15:57:28,877 [INFO] Adding to zip: app/utils/time_utils.py
2025-03-13 15:57:28,878 [INFO] Adding to zip: app/utils/job_utils.py
2025-03-13 15:57:28,878 [INFO] Adding to zip: app/utils/material_utils.py
2025-03-13 15:57:28,878 [INFO] Adding to zip: app/utils/timer_utils.py
2025-03-13 15:57:28,878 [INFO] Adding to zip: app/utils/__init__.py
2025-03-13 15:57:28,879 [INFO] Adding to zip: app/utils/invoice_utils.py
2025-03-13 15:57:28,879 [INFO] Adding to zip: app/utils/error_utils.py
2025-03-13 15:57:28,879 [INFO] Adding to zip: app/utils/profile_utils.py
2025-03-13 15:57:28,879 [INFO] Adding to zip: app/utils/image_utils.py
2025-03-13 15:57:28,880 [INFO] Adding to zip: app/templates/customer_form.html
2025-03-13 15:57:28,880 [INFO] Adding to zip: app/templates/quick_timer.html
2025-03-13 15:57:28,880 [INFO] Adding to zip: app/templates/system_settings.html
2025-03-13 15:57:28,881 [INFO] Adding to zip: app/templates/shared_images.html
2025-03-13 15:57:28,881 [INFO] Adding to zip: app/templates/weekly_summary.html
2025-03-13 15:57:28,881 [INFO] Adding to zip: app/templates/job_details.html
2025-03-13 15:57:28,882 [INFO] Adding to zip: app/templates/invoice.html
2025-03-13 15:57:28,883 [INFO] Adding to zip: app/templates/job_form.html
2025-03-13 15:57:28,883 [INFO] Adding to zip: app/templates/customer_list.html
2025-03-13 15:57:28,884 [INFO] Adding to zip: app/templates/500.html
2025-03-13 15:57:28,884 [INFO] Adding to zip: app/templates/invoice.html.new
2025-03-13 15:57:28,884 [INFO] Adding to zip: app/templates/base.html
2025-03-13 15:57:28,885 [INFO] Adding to zip: app/templates/profile_settings.html
2025-03-13 15:57:28,885 [INFO] Adding to zip: app/templates/job_list.html
2025-03-13 15:57:28,885 [INFO] Adding to zip: app/templates/404.html
2025-03-13 15:57:28,886 [INFO] Adding to zip: app/static/favicon.ico
2025-03-13 15:57:28,886 [INFO] Adding to zip: app/static/qr-quick_timer.svg
2025-03-13 15:57:28,886 [INFO] Adding to zip: app/static/js/file_upload.js
2025-03-13 15:57:28,887 [INFO] Adding to zip: app/static/css/styles.css
2025-03-13 15:57:28,888 [INFO] Adding to zip: app/static/css/file-upload.css
2025-03-13 15:57:28,888 [INFO] Adding to zip: instance/user_profile.json
2025-03-13 15:57:28,888 [INFO] Full backup created at: /home/Jobmanager/backups/jobmanager_backup_20250313_1557.zip
2025-03-13 15:57:28,888 [INFO] Backup file exists: True
2025-03-13 15:58:42,748 [INFO] Weekly summary request - selected_week: None, show_all: False
2025-03-13 15:58:42,748 [INFO] No week selected, using current week: 2025-W11
2025-03-13 15:58:42,748 [INFO] Fetching available weeks
2025-03-13 15:58:42,749 [INFO] Found 37 distinct dates with time entries
2025-03-13 15:58:42,750 [INFO] Processed 6 unique weeks
2025-03-13 15:58:42,750 [INFO] Final view settings - selected_week: 2025-W11, show_all: False
2025-03-13 15:58:42,751 [INFO] Found 26 time entries for week 2025-W11
2025-03-13 15:59:14,193 [INFO] Stopping timer for job 4
2025-03-13 16:01:47,597 [INFO] Starting timer for job 50
2025-03-13 16:01:47,598 [INFO] Stopping all active timers
2025-03-13 16:04:27,116 [INFO] Deleting image job50-2503131603.jpg (ID: 72) from job 50
2025-03-13 16:04:27,116 [INFO] Deleted main image file: /home/Jobmanager/instance/images/job_50/job50-2503131603.jpg
2025-03-13 16:04:27,116 [INFO] Deleted thumbnail file: /home/Jobmanager/instance/images/job_50/thumbnails/job50-2503131603.jpg
2025-03-13 16:04:27,295 [INFO] Deleted image record from database: 72
2025-03-13 16:04:27,361 [ERROR] Exception on /image/serve_image/50/job50-2503131603.jpg [GET]
Traceback (most recent call last):
  File "/home/Jobmanager/app/routes/image_routes.py", line 181, in serve_image
    return send_file(
           ^^^^^^^^^^
  File "/usr/lib/python3/dist-packages/flask/helpers.py", line 537, in send_file
    return werkzeug.utils.send_file(  # type: ignore[return-value]
           ^^^^^^^^^^^^^^^^^^^^^^^^^^^^^^^^^^^^^^^^^^^^^^^^^^^^^^^
  File "/usr/lib/python3/dist-packages/werkzeug/utils.py", line 440, in send_file
    stat = os.stat(path)
           ^^^^^^^^^^^^^
FileNotFoundError: [Errno 2] No such file or directory: '/home/Jobmanager/instance/images/job_50/thumbnails/job50-2503131603.jpg'

During handling of the above exception, another exception occurred:

Traceback (most recent call last):
  File "/usr/lib/python3/dist-packages/flask/app.py", line 1820, in full_dispatch_request
    rv = self.dispatch_request()
         ^^^^^^^^^^^^^^^^^^^^^^^
  File "/usr/lib/python3/dist-packages/flask/app.py", line 1796, in dispatch_request
    return self.ensure_sync(self.view_functions[rule.endpoint])(**view_args)
           ^^^^^^^^^^^^^^^^^^^^^^^^^^^^^^^^^^^^^^^^^^^^^^^^^^^^^^^^^^^^^^^^^
  File "/home/Jobmanager/app/routes/image_routes.py", line 186, in serve_image
    abort(404)
  File "/usr/lib/python3/dist-packages/flask/helpers.py", line 310, in abort
    current_app.aborter(code, *args, **kwargs)
  File "/usr/lib/python3/dist-packages/werkzeug/exceptions.py", line 864, in __call__
    raise self.mapping[code](*args, **kwargs)
werkzeug.exceptions.NotFound: 404 Not Found: The requested URL was not found on the server. If you entered the URL manually please check your spelling and try again.

During handling of the above exception, another exception occurred:

Traceback (most recent call last):
  File "/usr/lib/python3/dist-packages/flask/app.py", line 2525, in wsgi_app
    response = self.full_dispatch_request()
               ^^^^^^^^^^^^^^^^^^^^^^^^^^^^
  File "/usr/lib/python3/dist-packages/flask/app.py", line 1822, in full_dispatch_request
    rv = self.handle_user_exception(e)
         ^^^^^^^^^^^^^^^^^^^^^^^^^^^^^
  File "/usr/lib/python3/dist-packages/flask/app.py", line 1666, in handle_user_exception
    return self.handle_http_exception(e)
           ^^^^^^^^^^^^^^^^^^^^^^^^^^^^^
  File "/usr/lib/python3/dist-packages/flask/app.py", line 1606, in handle_http_exception
    return self.ensure_sync(handler)(e)
           ^^^^^^^^^^^^^^^^^^^^^^^^^^^^
  File "/home/Jobmanager/app/__init__.py", line 93, in page_not_found
    return app.render_template('404.html'), 404
           ^^^^^^^^^^^^^^^^^^^
AttributeError: 'Flask' object has no attribute 'render_template'
2025-03-13 16:04:31,813 [INFO] Deleting image job50-2503131603.jpg (ID: 73) from job 50
2025-03-13 16:04:31,814 [WARNING] Main image file not found: /home/Jobmanager/instance/images/job_50/job50-2503131603.jpg
2025-03-13 16:04:31,814 [WARNING] Thumbnail file not found: /home/Jobmanager/instance/images/job_50/thumbnails/job50-2503131603.jpg
2025-03-13 16:04:31,940 [INFO] Deleted image record from database: 73
2025-03-13 16:04:41,287 [INFO] Starting timer for job 54
2025-03-13 16:04:41,287 [INFO] Stopping all active timers
2025-03-13 16:05:49,174 [INFO] Stopping timer for job 54
2025-03-13 16:56:09,132 [INFO] Stopping timer for job 54
2025-03-13 16:56:17,951 [INFO] Starting timer for job 37
2025-03-13 16:56:17,952 [INFO] Stopping all active timers
2025-03-13 17:14:42,100 [INFO] Stopping timer for job 37
2025-03-13 17:54:19,908 [INFO] Starting timer for job 37
2025-03-13 17:54:19,909 [INFO] Stopping all active timers
2025-03-13 17:57:04,825 [INFO] Stopping timer for job 37
2025-03-13 18:26:52,733 [INFO] Starting timer for job 37
2025-03-13 18:26:52,733 [INFO] Stopping all active timers
2025-03-13 19:01:47,077 [INFO] Starting timer for job 4
2025-03-13 19:01:47,077 [INFO] Stopping all active timers
2025-03-13 19:15:26,747 [INFO] Starting timer for job 54
2025-03-13 19:15:26,748 [INFO] Starting timer at: 2025-03-13T19:15:26
2025-03-13 19:15:26,748 [INFO] Stopping all active timers
2025-03-13 19:27:42,185 [INFO] Stopping timer for job 54
2025-03-13 19:42:32,614 [INFO] Starting timer for job 55
2025-03-13 19:42:32,614 [INFO] Starting timer at: 2025-03-13T19:42:32
2025-03-13 19:42:32,615 [INFO] Stopping all active timers
2025-03-13 19:44:36,479 [INFO] Stopping timer for job 55
2025-03-13 19:45:13,990 [INFO] Starting timer for job 55
2025-03-13 19:45:13,990 [INFO] Starting timer at: 2025-03-13T19:45:13
2025-03-13 19:45:13,990 [INFO] Stopping all active timers
2025-03-13 19:49:59,958 [INFO] Stopping timer for job 55
2025-03-13 19:50:26,925 [INFO] Weekly summary request - selected_week: None, show_all: False
2025-03-13 19:50:26,925 [INFO] No week selected, using current week: 2025-W11
2025-03-13 19:50:26,925 [INFO] Fetching available weeks
2025-03-13 19:50:26,925 [INFO] Found 37 distinct dates with time entries
2025-03-13 19:50:26,927 [INFO] Processed 6 unique weeks
2025-03-13 19:50:26,927 [INFO] Final view settings - selected_week: 2025-W11, show_all: False
2025-03-13 19:50:26,928 [INFO] Found 34 time entries for week 2025-W11
2025-03-13 21:08:40,738 [INFO] Weekly summary request - selected_week: None, show_all: False
2025-03-13 21:08:40,738 [INFO] No week selected, using current week: 2025-W11
2025-03-13 21:08:40,738 [INFO] Fetching available weeks
2025-03-13 21:08:40,739 [INFO] Found 37 distinct dates with time entries
2025-03-13 21:08:40,741 [INFO] Processed 6 unique weeks
2025-03-13 21:08:40,741 [INFO] Final view settings - selected_week: 2025-W11, show_all: False
2025-03-13 21:08:40,741 [INFO] Found 32 time entries for week 2025-W11
2025-03-13 21:34:00,751 [INFO] Stopping timer for job 55
2025-03-14 06:53:17,415 [INFO] Starting timer for job 41
2025-03-14 06:53:17,415 [INFO] Starting timer at: 2025-03-14T06:53:17
2025-03-14 06:53:17,415 [INFO] Stopping all active timers
2025-03-14 06:53:25,039 [INFO] Stopping timer for job 41
2025-03-14 06:53:38,982 [INFO] Starting timer for job 41
2025-03-14 06:53:38,983 [INFO] Starting timer at: 2025-03-14T06:53:38
2025-03-14 06:53:38,983 [INFO] Stopping all active timers
2025-03-14 07:27:55,737 [INFO] Stopping timer for job 41
2025-03-14 08:22:21,582 [INFO] Starting timer for job 56
2025-03-14 08:22:21,582 [INFO] Starting timer at: 2025-03-14T08:22:21
2025-03-14 08:22:21,582 [INFO] Stopping all active timers
2025-03-14 08:22:28,229 [INFO] Stopping timer for job 56
2025-03-14 08:22:34,127 [INFO] Starting timer for job 56
2025-03-14 08:22:34,127 [INFO] Starting timer at: 2025-03-14T08:22:34
2025-03-14 08:22:34,127 [INFO] Stopping all active timers
2025-03-14 08:22:39,387 [INFO] Stopping timer for job 56
2025-03-14 08:33:29,812 [INFO] Starting timer for job 56
2025-03-14 08:33:29,812 [INFO] Starting timer at: 2025-03-14T08:33:29
2025-03-14 08:33:29,812 [INFO] Stopping all active timers
2025-03-14 08:33:32,316 [INFO] Stopping timer for job 56
2025-03-14 08:37:48,423 [INFO] Starting timer for job 57
2025-03-14 08:37:48,423 [INFO] Starting timer at: 2025-03-14T08:37:48
2025-03-14 08:37:48,423 [INFO] Stopping all active timers
2025-03-14 08:38:01,961 [INFO] Stopping timer for job 57
2025-03-14 08:38:33,357 [INFO] Starting timer for job 57
2025-03-14 08:38:33,357 [INFO] Starting timer at: 2025-03-14T08:38:33
2025-03-14 08:38:33,357 [INFO] Stopping all active timers
2025-03-14 08:45:12,775 [INFO] Stopping timer for job 57
2025-03-14 08:45:36,781 [ERROR] Exception on /job/56/edit [GET]
Traceback (most recent call last):
  File "/usr/lib/python3/dist-packages/flask/app.py", line 2525, in wsgi_app
    response = self.full_dispatch_request()
               ^^^^^^^^^^^^^^^^^^^^^^^^^^^^
  File "/usr/lib/python3/dist-packages/flask/app.py", line 1822, in full_dispatch_request
    rv = self.handle_user_exception(e)
         ^^^^^^^^^^^^^^^^^^^^^^^^^^^^^
  File "/usr/lib/python3/dist-packages/flask/app.py", line 1820, in full_dispatch_request
    rv = self.dispatch_request()
         ^^^^^^^^^^^^^^^^^^^^^^^
  File "/usr/lib/python3/dist-packages/flask/app.py", line 1796, in dispatch_request
    return self.ensure_sync(self.view_functions[rule.endpoint])(**view_args)
           ^^^^^^^^^^^^^^^^^^^^^^^^^^^^^^^^^^^^^^^^^^^^^^^^^^^^^^^^^^^^^^^^^
  File "/home/Jobmanager/app/db.py", line 35, in decorated_function
    return f(db, *args, **kwargs)
           ^^^^^^^^^^^^^^^^^^^^^^
  File "/home/Jobmanager/app/routes/job_routes.py", line 244, in edit_job
    return render_template('job_form.html', job=job)
           ^^^^^^^^^^^^^^^^^^^^^^^^^^^^^^^^^^^^^^^^^
  File "/usr/lib/python3/dist-packages/flask/templating.py", line 147, in render_template
    return _render(app, template, context)
           ^^^^^^^^^^^^^^^^^^^^^^^^^^^^^^^
  File "/usr/lib/python3/dist-packages/flask/templating.py", line 130, in _render
    rv = template.render(context)
         ^^^^^^^^^^^^^^^^^^^^^^^^
  File "/usr/lib/python3/dist-packages/jinja2/environment.py", line 1301, in render
    self.environment.handle_exception()
  File "/usr/lib/python3/dist-packages/jinja2/environment.py", line 936, in handle_exception
    raise rewrite_traceback_stack(source=source)
  File "/home/Jobmanager/app/templates/job_form.html", line 2, in top-level template code
    {% extends "base.html" %}
  File "/home/Jobmanager/app/templates/base.html", line 43, in top-level template code
    {% block content %}{% endblock %}
    ^^^^^^^^^^^^^^^^^^^^^^^^^
  File "/home/Jobmanager/app/templates/job_form.html", line 7, in block 'content'
    <h2>{% if job %}Edit Job{% else %}Add Job for {{ customer.name }}{% endif %}</h2>
    ^^^^^^^^^^^^^^^^^^^^^^^^^
  File "/usr/lib/python3/dist-packages/jinja2/environment.py", line 485, in getattr
    return getattr(obj, attribute)
           ^^^^^^^^^^^^^^^^^^^^^^^
jinja2.exceptions.UndefinedError: 'customer' is undefined
2025-03-14 08:45:39,018 [ERROR] Exception on /job/56/edit [GET]
Traceback (most recent call last):
  File "/usr/lib/python3/dist-packages/flask/app.py", line 2525, in wsgi_app
    response = self.full_dispatch_request()
               ^^^^^^^^^^^^^^^^^^^^^^^^^^^^
  File "/usr/lib/python3/dist-packages/flask/app.py", line 1822, in full_dispatch_request
    rv = self.handle_user_exception(e)
         ^^^^^^^^^^^^^^^^^^^^^^^^^^^^^
  File "/usr/lib/python3/dist-packages/flask/app.py", line 1820, in full_dispatch_request
    rv = self.dispatch_request()
         ^^^^^^^^^^^^^^^^^^^^^^^
  File "/usr/lib/python3/dist-packages/flask/app.py", line 1796, in dispatch_request
    return self.ensure_sync(self.view_functions[rule.endpoint])(**view_args)
           ^^^^^^^^^^^^^^^^^^^^^^^^^^^^^^^^^^^^^^^^^^^^^^^^^^^^^^^^^^^^^^^^^
  File "/home/Jobmanager/app/db.py", line 35, in decorated_function
    return f(db, *args, **kwargs)
           ^^^^^^^^^^^^^^^^^^^^^^
  File "/home/Jobmanager/app/routes/job_routes.py", line 244, in edit_job
    return render_template('job_form.html', job=job)
           ^^^^^^^^^^^^^^^^^^^^^^^^^^^^^^^^^^^^^^^^^
  File "/usr/lib/python3/dist-packages/flask/templating.py", line 147, in render_template
    return _render(app, template, context)
           ^^^^^^^^^^^^^^^^^^^^^^^^^^^^^^^
  File "/usr/lib/python3/dist-packages/flask/templating.py", line 130, in _render
    rv = template.render(context)
         ^^^^^^^^^^^^^^^^^^^^^^^^
  File "/usr/lib/python3/dist-packages/jinja2/environment.py", line 1301, in render
    self.environment.handle_exception()
  File "/usr/lib/python3/dist-packages/jinja2/environment.py", line 936, in handle_exception
    raise rewrite_traceback_stack(source=source)
  File "/home/Jobmanager/app/templates/job_form.html", line 2, in top-level template code
    {% extends "base.html" %}
  File "/home/Jobmanager/app/templates/base.html", line 43, in top-level template code
    {% block content %}{% endblock %}
    ^^^^^^^^^^^^^^^^^^^^^^^^^
  File "/home/Jobmanager/app/templates/job_form.html", line 7, in block 'content'
    <h2>{% if job %}Edit Job{% else %}Add Job for {{ customer.name }}{% endif %}</h2>
    ^^^^^^^^^^^^^^^^^^^^^^^^^
  File "/usr/lib/python3/dist-packages/jinja2/environment.py", line 485, in getattr
    return getattr(obj, attribute)
           ^^^^^^^^^^^^^^^^^^^^^^^
jinja2.exceptions.UndefinedError: 'customer' is undefined
2025-03-14 08:45:43,915 [ERROR] Exception on /job/details/56 [GET]
Traceback (most recent call last):
  File "/usr/lib/python3/dist-packages/flask/app.py", line 2525, in wsgi_app
    response = self.full_dispatch_request()
               ^^^^^^^^^^^^^^^^^^^^^^^^^^^^
  File "/usr/lib/python3/dist-packages/flask/app.py", line 1822, in full_dispatch_request
    rv = self.handle_user_exception(e)
         ^^^^^^^^^^^^^^^^^^^^^^^^^^^^^
  File "/usr/lib/python3/dist-packages/flask/app.py", line 1820, in full_dispatch_request
    rv = self.dispatch_request()
         ^^^^^^^^^^^^^^^^^^^^^^^
  File "/usr/lib/python3/dist-packages/flask/app.py", line 1796, in dispatch_request
    return self.ensure_sync(self.view_functions[rule.endpoint])(**view_args)
           ^^^^^^^^^^^^^^^^^^^^^^^^^^^^^^^^^^^^^^^^^^^^^^^^^^^^^^^^^^^^^^^^^
  File "/home/Jobmanager/app/db.py", line 35, in decorated_function
    return f(db, *args, **kwargs)
           ^^^^^^^^^^^^^^^^^^^^^^
  File "/home/Jobmanager/app/routes/job_routes.py", line 326, in job_details
    total_amount = total_hours * (job['base_rate'] or 0)
                                  ~~~^^^^^^^^^^^^^
TypeError: 'NoneType' object is not subscriptable
2025-03-14 08:45:49,423 [INFO] Starting timer for job 57
2025-03-14 08:45:49,423 [INFO] Starting timer at: 2025-03-14T08:45:49
2025-03-14 08:45:49,424 [INFO] Stopping all active timers
2025-03-14 08:45:51,464 [INFO] Stopping timer for job 57
2025-03-14 08:48:32,396 [INFO] Starting timer for job 58
2025-03-14 08:48:32,396 [INFO] Starting timer at: 2025-03-14T08:48:32
2025-03-14 08:48:32,396 [INFO] Stopping all active timers
2025-03-14 08:48:36,996 [INFO] Stopping timer for job 58
2025-03-14 08:48:41,046 [INFO] Starting timer for job 58
2025-03-14 08:48:41,046 [INFO] Starting timer at: 2025-03-14T08:48:41
2025-03-14 08:48:41,046 [INFO] Stopping all active timers
2025-03-14 08:48:43,839 [INFO] Stopping timer for job 58
2025-03-14 08:48:47,062 [INFO] Starting timer for job 58
2025-03-14 08:48:47,062 [INFO] Starting timer at: 2025-03-14T08:48:47
2025-03-14 08:48:47,063 [INFO] Stopping all active timers
2025-03-14 08:48:48,608 [INFO] Stopping timer for job 58
2025-03-14 08:48:50,055 [INFO] Starting timer for job 58
2025-03-14 08:48:50,055 [INFO] Starting timer at: 2025-03-14T08:48:50
2025-03-14 08:48:50,055 [INFO] Stopping all active timers
2025-03-14 08:48:50,759 [INFO] Stopping timer for job 58
2025-03-14 09:01:32,009 [INFO] Starting timer for job 59
2025-03-14 09:01:32,009 [INFO] Starting timer at: 2025-03-14T09:01:32
2025-03-14 09:01:32,009 [INFO] Stopping all active timers
2025-03-14 09:01:35,674 [INFO] Stopping timer for job 59
2025-03-14 09:01:37,906 [INFO] Starting timer for job 59
2025-03-14 09:01:37,907 [INFO] Starting timer at: 2025-03-14T09:01:37
2025-03-14 09:01:37,907 [INFO] Stopping all active timers
2025-03-14 09:01:38,921 [INFO] Stopping timer for job 59
2025-03-14 09:05:06,272 [INFO] Starting timer for job 59
2025-03-14 09:05:06,272 [INFO] Starting timer at: 2025-03-14T09:05:06
2025-03-14 09:05:06,272 [INFO] Stopping all active timers
2025-03-14 09:05:08,088 [INFO] Stopping timer for job 59
2025-03-14 09:15:14,036 [INFO] Starting timer for job 60
2025-03-14 09:15:14,036 [INFO] Starting timer at: 2025-03-14T09:15:14
2025-03-14 09:15:14,036 [INFO] Stopping all active timers
2025-03-14 09:15:16,316 [INFO] Stopping timer for job 60
2025-03-14 09:15:17,444 [INFO] Starting timer for job 60
2025-03-14 09:15:17,444 [INFO] Starting timer at: 2025-03-14T09:15:17
2025-03-14 09:15:17,444 [INFO] Stopping all active timers
2025-03-14 09:15:18,252 [INFO] Stopping timer for job 60
2025-03-14 09:15:18,948 [INFO] Starting timer for job 60
2025-03-14 09:15:18,949 [INFO] Starting timer at: 2025-03-14T09:15:18
2025-03-14 09:15:18,949 [INFO] Stopping all active timers
2025-03-14 09:15:19,587 [INFO] Stopping timer for job 60
2025-03-14 09:16:56,435 [INFO] Starting timer for job 60
2025-03-14 09:16:56,435 [INFO] Starting timer at: 2025-03-14T09:16:56
2025-03-14 09:16:56,436 [INFO] Stopping all active timers
2025-03-14 09:16:58,042 [INFO] Stopping timer for job 60
2025-03-14 09:16:58,998 [INFO] Starting timer for job 60
2025-03-14 09:16:58,998 [INFO] Starting timer at: 2025-03-14T09:16:58
2025-03-14 09:16:58,999 [INFO] Stopping all active timers
2025-03-14 09:17:00,015 [INFO] Stopping timer for job 60
2025-03-14 09:24:55,505 [INFO] Starting timer for job 61
2025-03-14 09:24:55,505 [INFO] Starting timer at: 2025-03-14T09:24:55
2025-03-14 09:24:55,505 [INFO] Stopping all active timers
2025-03-14 09:24:58,024 [INFO] Stopping timer for job 61
2025-03-14 09:25:00,218 [INFO] Starting timer for job 61
2025-03-14 09:25:00,219 [INFO] Starting timer at: 2025-03-14T09:25:00
2025-03-14 09:25:00,219 [INFO] Stopping all active timers
2025-03-14 09:25:02,128 [INFO] Stopping timer for job 61
2025-03-14 09:25:02,976 [INFO] Starting timer for job 61
2025-03-14 09:25:02,977 [INFO] Starting timer at: 2025-03-14T09:25:02
2025-03-14 09:25:02,977 [INFO] Stopping all active timers
2025-03-14 09:25:03,983 [INFO] Stopping timer for job 61
2025-03-14 09:25:04,895 [INFO] Starting timer for job 61
2025-03-14 09:25:04,895 [INFO] Starting timer at: 2025-03-14T09:25:04
2025-03-14 09:25:04,895 [INFO] Stopping all active timers
2025-03-14 09:25:05,976 [INFO] Stopping timer for job 61
2025-03-14 09:27:04,987 [INFO] Starting timer for job 61
2025-03-14 09:27:04,987 [INFO] Starting timer at: 2025-03-14T09:27:04
2025-03-14 09:27:04,987 [INFO] Stopping all active timers
2025-03-14 09:27:06,109 [INFO] Stopping timer for job 61
2025-03-14 09:27:06,873 [INFO] Starting timer for job 61
2025-03-14 09:27:06,873 [INFO] Starting timer at: 2025-03-14T09:27:06
2025-03-14 09:27:06,873 [INFO] Stopping all active timers
2025-03-14 09:27:07,809 [INFO] Stopping timer for job 61
2025-03-14 09:30:17,279 [INFO] Starting timer for job 62
2025-03-14 09:30:17,280 [INFO] Starting timer at: 2025-03-14T09:30:17
2025-03-14 09:30:17,280 [INFO] Stopping all active timers
2025-03-14 09:30:18,614 [INFO] Stopping timer for job 62
2025-03-14 09:30:19,374 [INFO] Starting timer for job 62
2025-03-14 09:30:19,374 [INFO] Starting timer at: 2025-03-14T09:30:19
2025-03-14 09:30:19,374 [INFO] Stopping all active timers
2025-03-14 09:30:19,998 [INFO] Stopping timer for job 62
2025-03-14 09:30:20,597 [INFO] Starting timer for job 62
2025-03-14 09:30:20,597 [INFO] Starting timer at: 2025-03-14T09:30:20
2025-03-14 09:30:20,598 [INFO] Stopping all active timers
2025-03-14 09:30:21,140 [INFO] Stopping timer for job 62
2025-03-14 09:34:31,382 [INFO] Starting timer for job 62
2025-03-14 09:34:31,382 [INFO] Starting timer at: 2025-03-14T09:34:31
2025-03-14 09:34:31,382 [INFO] Stopping all active timers
2025-03-14 09:34:32,244 [INFO] Stopping timer for job 62
2025-03-14 09:34:33,139 [INFO] Starting timer for job 62
2025-03-14 09:34:33,140 [INFO] Starting timer at: 2025-03-14T09:34:33
2025-03-14 09:34:33,140 [INFO] Stopping all active timers
2025-03-14 09:34:33,795 [INFO] Stopping timer for job 62
2025-03-14 09:34:34,541 [INFO] Starting timer for job 62
2025-03-14 09:34:34,541 [INFO] Starting timer at: 2025-03-14T09:34:34
2025-03-14 09:34:34,541 [INFO] Stopping all active timers
2025-03-14 09:34:35,195 [INFO] Stopping timer for job 62
2025-03-14 09:34:52,669 [INFO] Starting timer for job 63
2025-03-14 09:34:52,670 [INFO] Starting timer at: 2025-03-14T09:34:52
2025-03-14 09:34:52,670 [INFO] Stopping all active timers
2025-03-14 09:34:54,523 [INFO] Stopping timer for job 63
2025-03-14 09:34:55,324 [INFO] Starting timer for job 63
2025-03-14 09:34:55,324 [INFO] Starting timer at: 2025-03-14T09:34:55
2025-03-14 09:34:55,324 [INFO] Stopping all active timers
2025-03-14 09:34:55,988 [INFO] Stopping timer for job 63
2025-03-14 09:34:56,691 [INFO] Starting timer for job 63
2025-03-14 09:34:56,692 [INFO] Starting timer at: 2025-03-14T09:34:56
2025-03-14 09:34:56,692 [INFO] Stopping all active timers
2025-03-14 09:34:57,308 [INFO] Stopping timer for job 63
2025-03-14 09:42:35,633 [INFO] Starting timer for job 50
2025-03-14 09:42:35,633 [INFO] Starting timer at: 2025-03-14T09:42:35
2025-03-14 09:42:35,633 [INFO] Stopping all active timers
2025-03-14 10:57:08,913 [INFO] Stopping timer for job 50
2025-03-14 11:52:12,832 [INFO] Starting timer for job 64
2025-03-14 11:52:12,832 [INFO] Starting timer at: 2025-03-14T11:52:12
2025-03-14 11:52:12,832 [INFO] Stopping all active timers
2025-03-14 11:52:18,887 [INFO] Stopping timer for job 64
2025-03-14 11:52:20,128 [INFO] Starting timer for job 64
2025-03-14 11:52:20,128 [INFO] Starting timer at: 2025-03-14T11:52:20
2025-03-14 11:52:20,128 [INFO] Stopping all active timers
2025-03-14 11:52:22,927 [INFO] Stopping timer for job 64
2025-03-14 13:17:45,451 [ERROR] Exception on /timer/job/65/start_timer [POST]
Traceback (most recent call last):
  File "/usr/lib/python3/dist-packages/flask/app.py", line 2525, in wsgi_app
    response = self.full_dispatch_request()
               ^^^^^^^^^^^^^^^^^^^^^^^^^^^^
  File "/usr/lib/python3/dist-packages/flask/app.py", line 1822, in full_dispatch_request
    rv = self.handle_user_exception(e)
         ^^^^^^^^^^^^^^^^^^^^^^^^^^^^^
  File "/usr/lib/python3/dist-packages/flask/app.py", line 1820, in full_dispatch_request
    rv = self.dispatch_request()
         ^^^^^^^^^^^^^^^^^^^^^^^
  File "/usr/lib/python3/dist-packages/flask/app.py", line 1796, in dispatch_request
    return self.ensure_sync(self.view_functions[rule.endpoint])(**view_args)
           ^^^^^^^^^^^^^^^^^^^^^^^^^^^^^^^^^^^^^^^^^^^^^^^^^^^^^^^^^^^^^^^^^
  File "/home/Jobmanager/app/db.py", line 35, in decorated_function
    return f(db, *args, **kwargs)
           ^^^^^^^^^^^^^^^^^^^^^^
  File "/home/Jobmanager/app/routes/timer_routes.py", line 13, in start_timer
    timer.start(id)
    ^^^^^^^^^^^
AttributeError: 'TimerManager' object has no attribute 'start'
2025-03-14 13:17:48,199 [ERROR] Exception on /timer/job/65/start_timer [POST]
Traceback (most recent call last):
  File "/usr/lib/python3/dist-packages/flask/app.py", line 2525, in wsgi_app
    response = self.full_dispatch_request()
               ^^^^^^^^^^^^^^^^^^^^^^^^^^^^
  File "/usr/lib/python3/dist-packages/flask/app.py", line 1822, in full_dispatch_request
    rv = self.handle_user_exception(e)
         ^^^^^^^^^^^^^^^^^^^^^^^^^^^^^
  File "/usr/lib/python3/dist-packages/flask/app.py", line 1820, in full_dispatch_request
    rv = self.dispatch_request()
         ^^^^^^^^^^^^^^^^^^^^^^^
  File "/usr/lib/python3/dist-packages/flask/app.py", line 1796, in dispatch_request
    return self.ensure_sync(self.view_functions[rule.endpoint])(**view_args)
           ^^^^^^^^^^^^^^^^^^^^^^^^^^^^^^^^^^^^^^^^^^^^^^^^^^^^^^^^^^^^^^^^^
  File "/home/Jobmanager/app/db.py", line 35, in decorated_function
    return f(db, *args, **kwargs)
           ^^^^^^^^^^^^^^^^^^^^^^
  File "/home/Jobmanager/app/routes/timer_routes.py", line 13, in start_timer
    timer.start(id)
    ^^^^^^^^^^^
AttributeError: 'TimerManager' object has no attribute 'start'
2025-03-14 13:17:52,052 [ERROR] Exception on /timer/job/65/start_timer [POST]
Traceback (most recent call last):
  File "/usr/lib/python3/dist-packages/flask/app.py", line 2525, in wsgi_app
    response = self.full_dispatch_request()
               ^^^^^^^^^^^^^^^^^^^^^^^^^^^^
  File "/usr/lib/python3/dist-packages/flask/app.py", line 1822, in full_dispatch_request
    rv = self.handle_user_exception(e)
         ^^^^^^^^^^^^^^^^^^^^^^^^^^^^^
  File "/usr/lib/python3/dist-packages/flask/app.py", line 1820, in full_dispatch_request
    rv = self.dispatch_request()
         ^^^^^^^^^^^^^^^^^^^^^^^
  File "/usr/lib/python3/dist-packages/flask/app.py", line 1796, in dispatch_request
    return self.ensure_sync(self.view_functions[rule.endpoint])(**view_args)
           ^^^^^^^^^^^^^^^^^^^^^^^^^^^^^^^^^^^^^^^^^^^^^^^^^^^^^^^^^^^^^^^^^
  File "/home/Jobmanager/app/db.py", line 35, in decorated_function
    return f(db, *args, **kwargs)
           ^^^^^^^^^^^^^^^^^^^^^^
  File "/home/Jobmanager/app/routes/timer_routes.py", line 13, in start_timer
    timer.start(id)
    ^^^^^^^^^^^
AttributeError: 'TimerManager' object has no attribute 'start'
2025-03-14 13:18:13,498 [ERROR] Exception on /timer/job/65/start_timer [POST]
Traceback (most recent call last):
  File "/usr/lib/python3/dist-packages/flask/app.py", line 2525, in wsgi_app
    response = self.full_dispatch_request()
               ^^^^^^^^^^^^^^^^^^^^^^^^^^^^
  File "/usr/lib/python3/dist-packages/flask/app.py", line 1822, in full_dispatch_request
    rv = self.handle_user_exception(e)
         ^^^^^^^^^^^^^^^^^^^^^^^^^^^^^
  File "/usr/lib/python3/dist-packages/flask/app.py", line 1820, in full_dispatch_request
    rv = self.dispatch_request()
         ^^^^^^^^^^^^^^^^^^^^^^^
  File "/usr/lib/python3/dist-packages/flask/app.py", line 1796, in dispatch_request
    return self.ensure_sync(self.view_functions[rule.endpoint])(**view_args)
           ^^^^^^^^^^^^^^^^^^^^^^^^^^^^^^^^^^^^^^^^^^^^^^^^^^^^^^^^^^^^^^^^^
  File "/home/Jobmanager/app/db.py", line 35, in decorated_function
    return f(db, *args, **kwargs)
           ^^^^^^^^^^^^^^^^^^^^^^
  File "/home/Jobmanager/app/routes/timer_routes.py", line 13, in start_timer
    timer.start(id)
    ^^^^^^^^^^^
AttributeError: 'TimerManager' object has no attribute 'start'
2025-03-14 13:19:19,272 [ERROR] Exception on /timer/job/65/start_timer [POST]
Traceback (most recent call last):
  File "/usr/lib/python3/dist-packages/flask/app.py", line 2525, in wsgi_app
    response = self.full_dispatch_request()
               ^^^^^^^^^^^^^^^^^^^^^^^^^^^^
  File "/usr/lib/python3/dist-packages/flask/app.py", line 1822, in full_dispatch_request
    rv = self.handle_user_exception(e)
         ^^^^^^^^^^^^^^^^^^^^^^^^^^^^^
  File "/usr/lib/python3/dist-packages/flask/app.py", line 1820, in full_dispatch_request
    rv = self.dispatch_request()
         ^^^^^^^^^^^^^^^^^^^^^^^
  File "/usr/lib/python3/dist-packages/flask/app.py", line 1796, in dispatch_request
    return self.ensure_sync(self.view_functions[rule.endpoint])(**view_args)
           ^^^^^^^^^^^^^^^^^^^^^^^^^^^^^^^^^^^^^^^^^^^^^^^^^^^^^^^^^^^^^^^^^
  File "/home/Jobmanager/app/db.py", line 35, in decorated_function
    return f(db, *args, **kwargs)
           ^^^^^^^^^^^^^^^^^^^^^^
  File "/home/Jobmanager/app/routes/timer_routes.py", line 13, in start_timer
    timer.start(id)
    ^^^^^^^^^^^
AttributeError: 'TimerManager' object has no attribute 'start'
2025-03-14 13:19:21,528 [ERROR] Exception on /timer/job/65/start_timer [POST]
Traceback (most recent call last):
  File "/usr/lib/python3/dist-packages/flask/app.py", line 2525, in wsgi_app
    response = self.full_dispatch_request()
               ^^^^^^^^^^^^^^^^^^^^^^^^^^^^
  File "/usr/lib/python3/dist-packages/flask/app.py", line 1822, in full_dispatch_request
    rv = self.handle_user_exception(e)
         ^^^^^^^^^^^^^^^^^^^^^^^^^^^^^
  File "/usr/lib/python3/dist-packages/flask/app.py", line 1820, in full_dispatch_request
    rv = self.dispatch_request()
         ^^^^^^^^^^^^^^^^^^^^^^^
  File "/usr/lib/python3/dist-packages/flask/app.py", line 1796, in dispatch_request
    return self.ensure_sync(self.view_functions[rule.endpoint])(**view_args)
           ^^^^^^^^^^^^^^^^^^^^^^^^^^^^^^^^^^^^^^^^^^^^^^^^^^^^^^^^^^^^^^^^^
  File "/home/Jobmanager/app/db.py", line 35, in decorated_function
    return f(db, *args, **kwargs)
           ^^^^^^^^^^^^^^^^^^^^^^
  File "/home/Jobmanager/app/routes/timer_routes.py", line 13, in start_timer
    timer.start(id)
    ^^^^^^^^^^^
AttributeError: 'TimerManager' object has no attribute 'start'
2025-03-14 13:19:23,372 [ERROR] Exception on /timer/job/65/start_timer [POST]
Traceback (most recent call last):
  File "/usr/lib/python3/dist-packages/flask/app.py", line 2525, in wsgi_app
    response = self.full_dispatch_request()
               ^^^^^^^^^^^^^^^^^^^^^^^^^^^^
  File "/usr/lib/python3/dist-packages/flask/app.py", line 1822, in full_dispatch_request
    rv = self.handle_user_exception(e)
         ^^^^^^^^^^^^^^^^^^^^^^^^^^^^^
  File "/usr/lib/python3/dist-packages/flask/app.py", line 1820, in full_dispatch_request
    rv = self.dispatch_request()
         ^^^^^^^^^^^^^^^^^^^^^^^
  File "/usr/lib/python3/dist-packages/flask/app.py", line 1796, in dispatch_request
    return self.ensure_sync(self.view_functions[rule.endpoint])(**view_args)
           ^^^^^^^^^^^^^^^^^^^^^^^^^^^^^^^^^^^^^^^^^^^^^^^^^^^^^^^^^^^^^^^^^
  File "/home/Jobmanager/app/db.py", line 35, in decorated_function
    return f(db, *args, **kwargs)
           ^^^^^^^^^^^^^^^^^^^^^^
  File "/home/Jobmanager/app/routes/timer_routes.py", line 13, in start_timer
    timer.start(id)
    ^^^^^^^^^^^
AttributeError: 'TimerManager' object has no attribute 'start'
2025-03-14 13:24:10,431 [ERROR] Exception on /timer/job/65/start_timer [POST]
Traceback (most recent call last):
  File "/usr/lib/python3/dist-packages/flask/app.py", line 2525, in wsgi_app
    response = self.full_dispatch_request()
               ^^^^^^^^^^^^^^^^^^^^^^^^^^^^
  File "/usr/lib/python3/dist-packages/flask/app.py", line 1822, in full_dispatch_request
    rv = self.handle_user_exception(e)
         ^^^^^^^^^^^^^^^^^^^^^^^^^^^^^
  File "/usr/lib/python3/dist-packages/flask/app.py", line 1820, in full_dispatch_request
    rv = self.dispatch_request()
         ^^^^^^^^^^^^^^^^^^^^^^^
  File "/usr/lib/python3/dist-packages/flask/app.py", line 1796, in dispatch_request
    return self.ensure_sync(self.view_functions[rule.endpoint])(**view_args)
           ^^^^^^^^^^^^^^^^^^^^^^^^^^^^^^^^^^^^^^^^^^^^^^^^^^^^^^^^^^^^^^^^^
  File "/home/Jobmanager/app/db.py", line 35, in decorated_function
    return f(db, *args, **kwargs)
           ^^^^^^^^^^^^^^^^^^^^^^
  File "/home/Jobmanager/app/routes/timer_routes.py", line 13, in start_timer
    timer.start(id)
    ^^^^^^^^^^^
AttributeError: 'TimerManager' object has no attribute 'start'
2025-03-14 13:24:13,525 [ERROR] Exception on /timer/job/65/start_timer [POST]
Traceback (most recent call last):
  File "/usr/lib/python3/dist-packages/flask/app.py", line 2525, in wsgi_app
    response = self.full_dispatch_request()
               ^^^^^^^^^^^^^^^^^^^^^^^^^^^^
  File "/usr/lib/python3/dist-packages/flask/app.py", line 1822, in full_dispatch_request
    rv = self.handle_user_exception(e)
         ^^^^^^^^^^^^^^^^^^^^^^^^^^^^^
  File "/usr/lib/python3/dist-packages/flask/app.py", line 1820, in full_dispatch_request
    rv = self.dispatch_request()
         ^^^^^^^^^^^^^^^^^^^^^^^
  File "/usr/lib/python3/dist-packages/flask/app.py", line 1796, in dispatch_request
    return self.ensure_sync(self.view_functions[rule.endpoint])(**view_args)
           ^^^^^^^^^^^^^^^^^^^^^^^^^^^^^^^^^^^^^^^^^^^^^^^^^^^^^^^^^^^^^^^^^
  File "/home/Jobmanager/app/db.py", line 35, in decorated_function
    return f(db, *args, **kwargs)
           ^^^^^^^^^^^^^^^^^^^^^^
  File "/home/Jobmanager/app/routes/timer_routes.py", line 13, in start_timer
    timer.start(id)
    ^^^^^^^^^^^
AttributeError: 'TimerManager' object has no attribute 'start'
2025-03-14 13:26:03,490 [ERROR] Exception on /timer/job/65/start_timer [POST]
Traceback (most recent call last):
  File "/usr/lib/python3/dist-packages/flask/app.py", line 2525, in wsgi_app
    response = self.full_dispatch_request()
               ^^^^^^^^^^^^^^^^^^^^^^^^^^^^
  File "/usr/lib/python3/dist-packages/flask/app.py", line 1822, in full_dispatch_request
    rv = self.handle_user_exception(e)
         ^^^^^^^^^^^^^^^^^^^^^^^^^^^^^
  File "/usr/lib/python3/dist-packages/flask/app.py", line 1820, in full_dispatch_request
    rv = self.dispatch_request()
         ^^^^^^^^^^^^^^^^^^^^^^^
  File "/usr/lib/python3/dist-packages/flask/app.py", line 1796, in dispatch_request
    return self.ensure_sync(self.view_functions[rule.endpoint])(**view_args)
           ^^^^^^^^^^^^^^^^^^^^^^^^^^^^^^^^^^^^^^^^^^^^^^^^^^^^^^^^^^^^^^^^^
  File "/home/Jobmanager/app/db.py", line 35, in decorated_function
    return f(db, *args, **kwargs)
           ^^^^^^^^^^^^^^^^^^^^^^
  File "/home/Jobmanager/app/routes/timer_routes.py", line 13, in start_timer
    timer.start(id)
    ^^^^^^^^^^^
AttributeError: 'TimerManager' object has no attribute 'start'
2025-03-14 13:26:05,033 [ERROR] Exception on /timer/job/65/start_timer [POST]
Traceback (most recent call last):
  File "/usr/lib/python3/dist-packages/flask/app.py", line 2525, in wsgi_app
    response = self.full_dispatch_request()
               ^^^^^^^^^^^^^^^^^^^^^^^^^^^^
  File "/usr/lib/python3/dist-packages/flask/app.py", line 1822, in full_dispatch_request
    rv = self.handle_user_exception(e)
         ^^^^^^^^^^^^^^^^^^^^^^^^^^^^^
  File "/usr/lib/python3/dist-packages/flask/app.py", line 1820, in full_dispatch_request
    rv = self.dispatch_request()
         ^^^^^^^^^^^^^^^^^^^^^^^
  File "/usr/lib/python3/dist-packages/flask/app.py", line 1796, in dispatch_request
    return self.ensure_sync(self.view_functions[rule.endpoint])(**view_args)
           ^^^^^^^^^^^^^^^^^^^^^^^^^^^^^^^^^^^^^^^^^^^^^^^^^^^^^^^^^^^^^^^^^
  File "/home/Jobmanager/app/db.py", line 35, in decorated_function
    return f(db, *args, **kwargs)
           ^^^^^^^^^^^^^^^^^^^^^^
  File "/home/Jobmanager/app/routes/timer_routes.py", line 13, in start_timer
    timer.start(id)
    ^^^^^^^^^^^
AttributeError: 'TimerManager' object has no attribute 'start'
2025-03-14 13:26:06,391 [ERROR] Exception on /timer/job/65/start_timer [POST]
Traceback (most recent call last):
  File "/usr/lib/python3/dist-packages/flask/app.py", line 2525, in wsgi_app
    response = self.full_dispatch_request()
               ^^^^^^^^^^^^^^^^^^^^^^^^^^^^
  File "/usr/lib/python3/dist-packages/flask/app.py", line 1822, in full_dispatch_request
    rv = self.handle_user_exception(e)
         ^^^^^^^^^^^^^^^^^^^^^^^^^^^^^
  File "/usr/lib/python3/dist-packages/flask/app.py", line 1820, in full_dispatch_request
    rv = self.dispatch_request()
         ^^^^^^^^^^^^^^^^^^^^^^^
  File "/usr/lib/python3/dist-packages/flask/app.py", line 1796, in dispatch_request
    return self.ensure_sync(self.view_functions[rule.endpoint])(**view_args)
           ^^^^^^^^^^^^^^^^^^^^^^^^^^^^^^^^^^^^^^^^^^^^^^^^^^^^^^^^^^^^^^^^^
  File "/home/Jobmanager/app/db.py", line 35, in decorated_function
    return f(db, *args, **kwargs)
           ^^^^^^^^^^^^^^^^^^^^^^
  File "/home/Jobmanager/app/routes/timer_routes.py", line 13, in start_timer
    timer.start(id)
    ^^^^^^^^^^^
AttributeError: 'TimerManager' object has no attribute 'start'
2025-03-14 13:28:15,135 [INFO] Starting timer for job 65
2025-03-14 13:28:15,135 [INFO] Starting timer at: 2025-03-14T12:28:15.135472+00:00
2025-03-14 13:28:15,135 [INFO] Stopping all active timers
2025-03-14 13:29:52,375 [INFO] Stopping timer for job 65
2025-03-14 13:29:57,529 [INFO] Starting timer for job 65
2025-03-14 13:29:57,542 [INFO] Starting timer at: 2025-03-14T12:29:57.542880+00:00
2025-03-14 13:29:57,543 [INFO] Stopping all active timers
2025-03-14 13:30:06,481 [INFO] Stopping timer for job 65
2025-03-14 13:32:55,490 [INFO] Starting timer for job 66
2025-03-14 13:32:55,490 [INFO] Starting timer at: 2025-03-14T13:32:55
2025-03-14 13:32:55,490 [INFO] Stopping all active timers
2025-03-14 13:33:02,791 [INFO] Stopping timer for job 66
2025-03-14 13:33:20,517 [INFO] Starting timer for job 66
2025-03-14 13:33:20,517 [INFO] Starting timer at: 2025-03-14T13:33:20
2025-03-14 13:33:20,517 [INFO] Stopping all active timers
2025-03-14 13:33:38,055 [INFO] Starting timer for job 66
2025-03-14 13:33:38,055 [INFO] Starting timer at: 2025-03-14T13:33:38
2025-03-14 13:33:38,055 [INFO] Stopping all active timers
2025-03-14 13:41:04,288 [INFO] Stopping timer for job 66
2025-03-14 13:41:49,408 [INFO] Starting timer for job 66
2025-03-14 13:41:49,408 [INFO] Starting timer at: 2025-03-14T13:41:49
2025-03-14 13:41:49,408 [INFO] Stopping all active timers
2025-03-14 13:42:24,245 [INFO] Stopping timer for job 66
2025-03-14 13:42:26,567 [INFO] Starting timer for job 66
2025-03-14 13:42:26,567 [INFO] Starting timer at: 2025-03-14T13:42:26
2025-03-14 13:42:26,567 [INFO] Stopping all active timers
2025-03-14 13:43:03,486 [INFO] Starting timer for job 48
2025-03-14 13:43:03,486 [INFO] Starting timer at: 2025-03-14T13:43:03
2025-03-14 13:43:03,486 [INFO] Stopping all active timers
2025-03-14 13:43:03,590 [INFO] Updating job 48 status from 'Pending' to 'Active'
2025-03-14 14:37:06,798 [INFO] Stopping timer for job 48
2025-03-14 14:37:36,479 [INFO] Starting timer for job 67
2025-03-14 14:37:36,479 [INFO] Starting timer at: 2025-03-14T14:37:36
2025-03-14 14:37:36,479 [INFO] Stopping all active timers
2025-03-14 14:42:17,768 [INFO] Stopping timer for job 67
2025-03-14 14:42:23,322 [INFO] Stopping timer for job 67
2025-03-14 14:42:59,043 [INFO] Starting timer for job 68
2025-03-14 14:42:59,043 [INFO] Starting timer at: 2025-03-14T14:42:59
2025-03-14 14:42:59,043 [INFO] Stopping all active timers
2025-03-14 14:48:19,881 [INFO] Stopping timer for job 68
2025-03-14 14:48:42,180 [INFO] Starting timer for job 68
2025-03-14 14:48:42,180 [INFO] Starting timer at: 2025-03-14T14:48:42
2025-03-14 14:48:42,180 [INFO] Stopping all active timers
2025-03-14 14:50:15,793 [INFO] Root path: /home/Jobmanager
2025-03-14 14:50:15,793 [INFO] Current working directory: /home/Jobmanager
2025-03-14 14:50:15,793 [INFO] Instance path: /home/Jobmanager/instance
2025-03-14 14:50:15,793 [INFO] Creating full backup at: /home/Jobmanager/backups/jobmanager_backup_20250314_1450.zip
2025-03-14 14:50:15,793 [INFO] Adding file: /home/Jobmanager/run.py
2025-03-14 14:50:15,794 [INFO] Adding file: /home/Jobmanager/init_db.py
2025-03-14 14:50:15,794 [INFO] Adding file: /home/Jobmanager/gitback.sh
2025-03-14 14:50:15,794 [INFO] Adding to zip: app/db.py
2025-03-14 14:50:15,795 [INFO] Adding to zip: app/__init__.py
2025-03-14 14:50:15,795 [INFO] Adding to zip: app/schema.sql
2025-03-14 14:50:15,795 [INFO] Adding to zip: app/routes/image_routes.py
2025-03-14 14:50:15,796 [INFO] Adding to zip: app/routes/system_routes.py
2025-03-14 14:50:15,796 [INFO] Adding to zip: app/routes/__init__.py
2025-03-14 14:50:15,796 [INFO] Adding to zip: app/routes/customer_routes.py
2025-03-14 14:50:15,797 [INFO] Adding to zip: app/routes/job_routes.py
2025-03-14 14:50:15,798 [INFO] Adding to zip: app/routes/report_routes.py
2025-03-14 14:50:15,798 [INFO] Adding to zip: app/routes/timer_routes.py
2025-03-14 14:50:15,798 [INFO] Adding to zip: app/utils/date_helper.py
2025-03-14 14:50:15,799 [INFO] Adding to zip: app/utils/time_utils.py
2025-03-14 14:50:15,799 [INFO] Adding to zip: app/utils/job_utils.py
2025-03-14 14:50:15,799 [INFO] Adding to zip: app/utils/material_utils.py
2025-03-14 14:50:15,800 [INFO] Adding to zip: app/utils/timer_utils.py
2025-03-14 14:50:15,800 [INFO] Adding to zip: app/utils/__init__.py
2025-03-14 14:50:15,800 [INFO] Adding to zip: app/utils/invoice_utils.py
2025-03-14 14:50:15,800 [INFO] Adding to zip: app/utils/error_utils.py
2025-03-14 14:50:15,801 [INFO] Adding to zip: app/utils/profile_utils.py
2025-03-14 14:50:15,801 [INFO] Adding to zip: app/utils/image_utils.py
2025-03-14 14:50:15,801 [INFO] Adding to zip: app/templates/customer_form.html
2025-03-14 14:50:15,801 [INFO] Adding to zip: app/templates/quick_timer.html
2025-03-14 14:50:15,802 [INFO] Adding to zip: app/templates/system_settings.html
2025-03-14 14:50:15,802 [INFO] Adding to zip: app/templates/shared_images.html
2025-03-14 14:50:15,802 [INFO] Adding to zip: app/templates/weekly_summary.html
2025-03-14 14:50:15,803 [INFO] Adding to zip: app/templates/job_details.html
2025-03-14 14:50:15,804 [INFO] Adding to zip: app/templates/invoice.html
2025-03-14 14:50:15,804 [INFO] Adding to zip: app/templates/job_form.html
2025-03-14 14:50:15,805 [INFO] Adding to zip: app/templates/customer_list.html
2025-03-14 14:50:15,805 [INFO] Adding to zip: app/templates/500.html
2025-03-14 14:50:15,805 [INFO] Adding to zip: app/templates/invoice.html.new
2025-03-14 14:50:15,806 [INFO] Adding to zip: app/templates/base.html
2025-03-14 14:50:15,806 [INFO] Adding to zip: app/templates/profile_settings.html
2025-03-14 14:50:15,806 [INFO] Adding to zip: app/templates/job_list.html
2025-03-14 14:50:15,807 [INFO] Adding to zip: app/templates/404.html
2025-03-14 14:50:15,807 [INFO] Adding to zip: app/static/favicon.ico
2025-03-14 14:50:15,807 [INFO] Adding to zip: app/static/qr-quick_timer.svg
2025-03-14 14:50:15,808 [INFO] Adding to zip: app/static/js/file_upload.js
2025-03-14 14:50:15,808 [INFO] Adding to zip: app/static/css/styles.css
2025-03-14 14:50:15,809 [INFO] Adding to zip: app/static/css/file-upload.css
2025-03-14 14:50:15,809 [INFO] Adding to zip: instance/user_profile.json
2025-03-14 14:50:15,810 [INFO] Full backup created at: /home/Jobmanager/backups/jobmanager_backup_20250314_1450.zip
2025-03-14 14:50:15,810 [INFO] Backup file exists: True
2025-03-14 15:02:43,176 [INFO] Starting timer for job 69
2025-03-14 15:02:43,176 [INFO] Starting timer at: 2025-03-14T15:02:43
2025-03-14 15:02:43,176 [INFO] Stopping all active timers
2025-03-14 15:06:26,169 [INFO] Stopping timer for job 69
2025-03-14 15:07:03,589 [INFO] Starting timer for job 69
2025-03-14 15:07:03,590 [INFO] Starting timer at: 2025-03-14T15:07:03
2025-03-14 15:07:03,590 [INFO] Stopping all active timers
2025-03-14 15:07:13,807 [INFO] Stopping timer for job 69
2025-03-14 15:07:18,059 [INFO] Starting timer for job 4
2025-03-14 15:07:18,059 [INFO] Starting timer at: 2025-03-14T15:07:18
2025-03-14 15:07:18,060 [INFO] Stopping all active timers
2025-03-14 16:31:18,054 [INFO] Stopping timer for job 4
2025-03-14 18:04:59,312 [INFO] Starting timer for job 69
2025-03-14 18:04:59,312 [INFO] Starting timer at: 2025-03-14T18:04:59
2025-03-14 18:04:59,312 [INFO] Stopping all active timers
2025-03-14 18:10:53,127 [ERROR] Exception on /favicon.ico [GET]
Traceback (most recent call last):
  File "/usr/lib/python3/dist-packages/flask/app.py", line 1820, in full_dispatch_request
    rv = self.dispatch_request()
         ^^^^^^^^^^^^^^^^^^^^^^^
  File "/usr/lib/python3/dist-packages/flask/app.py", line 1785, in dispatch_request
    self.raise_routing_exception(req)
  File "/usr/lib/python3/dist-packages/flask/app.py", line 1767, in raise_routing_exception
    raise request.routing_exception  # type: ignore
    ^^^^^^^^^^^^^^^^^^^^^^^^^^^^^^^
  File "/usr/lib/python3/dist-packages/flask/ctx.py", line 351, in match_request
    result = self.url_adapter.match(return_rule=True)  # type: ignore
             ^^^^^^^^^^^^^^^^^^^^^^^^^^^^^^^^^^^^^^^^
  File "/usr/lib/python3/dist-packages/werkzeug/routing/map.py", line 624, in match
    raise NotFound() from None
werkzeug.exceptions.NotFound: 404 Not Found: The requested URL was not found on the server. If you entered the URL manually please check your spelling and try again.

During handling of the above exception, another exception occurred:

Traceback (most recent call last):
  File "/usr/lib/python3/dist-packages/flask/app.py", line 2525, in wsgi_app
    response = self.full_dispatch_request()
               ^^^^^^^^^^^^^^^^^^^^^^^^^^^^
  File "/usr/lib/python3/dist-packages/flask/app.py", line 1822, in full_dispatch_request
    rv = self.handle_user_exception(e)
         ^^^^^^^^^^^^^^^^^^^^^^^^^^^^^
  File "/usr/lib/python3/dist-packages/flask/app.py", line 1666, in handle_user_exception
    return self.handle_http_exception(e)
           ^^^^^^^^^^^^^^^^^^^^^^^^^^^^^
  File "/usr/lib/python3/dist-packages/flask/app.py", line 1606, in handle_http_exception
    return self.ensure_sync(handler)(e)
           ^^^^^^^^^^^^^^^^^^^^^^^^^^^^
  File "/home/Jobmanager/app/__init__.py", line 93, in page_not_found
    return app.render_template('404.html'), 404
           ^^^^^^^^^^^^^^^^^^^
AttributeError: 'Flask' object has no attribute 'render_template'
2025-03-14 18:11:01,867 [INFO] Stopping timer for job 69
2025-03-14 18:11:02,033 [ERROR] Exception on /favicon.ico [GET]
Traceback (most recent call last):
  File "/usr/lib/python3/dist-packages/flask/app.py", line 1820, in full_dispatch_request
    rv = self.dispatch_request()
         ^^^^^^^^^^^^^^^^^^^^^^^
  File "/usr/lib/python3/dist-packages/flask/app.py", line 1785, in dispatch_request
    self.raise_routing_exception(req)
  File "/usr/lib/python3/dist-packages/flask/app.py", line 1767, in raise_routing_exception
    raise request.routing_exception  # type: ignore
    ^^^^^^^^^^^^^^^^^^^^^^^^^^^^^^^
  File "/usr/lib/python3/dist-packages/flask/ctx.py", line 351, in match_request
    result = self.url_adapter.match(return_rule=True)  # type: ignore
             ^^^^^^^^^^^^^^^^^^^^^^^^^^^^^^^^^^^^^^^^
  File "/usr/lib/python3/dist-packages/werkzeug/routing/map.py", line 624, in match
    raise NotFound() from None
werkzeug.exceptions.NotFound: 404 Not Found: The requested URL was not found on the server. If you entered the URL manually please check your spelling and try again.

During handling of the above exception, another exception occurred:

Traceback (most recent call last):
  File "/usr/lib/python3/dist-packages/flask/app.py", line 2525, in wsgi_app
    response = self.full_dispatch_request()
               ^^^^^^^^^^^^^^^^^^^^^^^^^^^^
  File "/usr/lib/python3/dist-packages/flask/app.py", line 1822, in full_dispatch_request
    rv = self.handle_user_exception(e)
         ^^^^^^^^^^^^^^^^^^^^^^^^^^^^^
  File "/usr/lib/python3/dist-packages/flask/app.py", line 1666, in handle_user_exception
    return self.handle_http_exception(e)
           ^^^^^^^^^^^^^^^^^^^^^^^^^^^^^
  File "/usr/lib/python3/dist-packages/flask/app.py", line 1606, in handle_http_exception
    return self.ensure_sync(handler)(e)
           ^^^^^^^^^^^^^^^^^^^^^^^^^^^^
  File "/home/Jobmanager/app/__init__.py", line 93, in page_not_found
    return app.render_template('404.html'), 404
           ^^^^^^^^^^^^^^^^^^^
AttributeError: 'Flask' object has no attribute 'render_template'
2025-03-14 18:11:04,010 [INFO] Starting timer for job 69
2025-03-14 18:11:04,010 [INFO] Starting timer at: 2025-03-14T18:11:04
2025-03-14 18:11:04,010 [INFO] Stopping all active timers
2025-03-14 18:11:04,256 [ERROR] Exception on /favicon.ico [GET]
Traceback (most recent call last):
  File "/usr/lib/python3/dist-packages/flask/app.py", line 1820, in full_dispatch_request
    rv = self.dispatch_request()
         ^^^^^^^^^^^^^^^^^^^^^^^
  File "/usr/lib/python3/dist-packages/flask/app.py", line 1785, in dispatch_request
    self.raise_routing_exception(req)
  File "/usr/lib/python3/dist-packages/flask/app.py", line 1767, in raise_routing_exception
    raise request.routing_exception  # type: ignore
    ^^^^^^^^^^^^^^^^^^^^^^^^^^^^^^^
  File "/usr/lib/python3/dist-packages/flask/ctx.py", line 351, in match_request
    result = self.url_adapter.match(return_rule=True)  # type: ignore
             ^^^^^^^^^^^^^^^^^^^^^^^^^^^^^^^^^^^^^^^^
  File "/usr/lib/python3/dist-packages/werkzeug/routing/map.py", line 624, in match
    raise NotFound() from None
werkzeug.exceptions.NotFound: 404 Not Found: The requested URL was not found on the server. If you entered the URL manually please check your spelling and try again.

During handling of the above exception, another exception occurred:

Traceback (most recent call last):
  File "/usr/lib/python3/dist-packages/flask/app.py", line 2525, in wsgi_app
    response = self.full_dispatch_request()
               ^^^^^^^^^^^^^^^^^^^^^^^^^^^^
  File "/usr/lib/python3/dist-packages/flask/app.py", line 1822, in full_dispatch_request
    rv = self.handle_user_exception(e)
         ^^^^^^^^^^^^^^^^^^^^^^^^^^^^^
  File "/usr/lib/python3/dist-packages/flask/app.py", line 1666, in handle_user_exception
    return self.handle_http_exception(e)
           ^^^^^^^^^^^^^^^^^^^^^^^^^^^^^
  File "/usr/lib/python3/dist-packages/flask/app.py", line 1606, in handle_http_exception
    return self.ensure_sync(handler)(e)
           ^^^^^^^^^^^^^^^^^^^^^^^^^^^^
  File "/home/Jobmanager/app/__init__.py", line 93, in page_not_found
    return app.render_template('404.html'), 404
           ^^^^^^^^^^^^^^^^^^^
AttributeError: 'Flask' object has no attribute 'render_template'
2025-03-14 18:11:06,249 [INFO] Stopping timer for job 69
2025-03-14 18:11:06,409 [ERROR] Exception on /favicon.ico [GET]
Traceback (most recent call last):
  File "/usr/lib/python3/dist-packages/flask/app.py", line 1820, in full_dispatch_request
    rv = self.dispatch_request()
         ^^^^^^^^^^^^^^^^^^^^^^^
  File "/usr/lib/python3/dist-packages/flask/app.py", line 1785, in dispatch_request
    self.raise_routing_exception(req)
  File "/usr/lib/python3/dist-packages/flask/app.py", line 1767, in raise_routing_exception
    raise request.routing_exception  # type: ignore
    ^^^^^^^^^^^^^^^^^^^^^^^^^^^^^^^
  File "/usr/lib/python3/dist-packages/flask/ctx.py", line 351, in match_request
    result = self.url_adapter.match(return_rule=True)  # type: ignore
             ^^^^^^^^^^^^^^^^^^^^^^^^^^^^^^^^^^^^^^^^
  File "/usr/lib/python3/dist-packages/werkzeug/routing/map.py", line 624, in match
    raise NotFound() from None
werkzeug.exceptions.NotFound: 404 Not Found: The requested URL was not found on the server. If you entered the URL manually please check your spelling and try again.

During handling of the above exception, another exception occurred:

Traceback (most recent call last):
  File "/usr/lib/python3/dist-packages/flask/app.py", line 2525, in wsgi_app
    response = self.full_dispatch_request()
               ^^^^^^^^^^^^^^^^^^^^^^^^^^^^
  File "/usr/lib/python3/dist-packages/flask/app.py", line 1822, in full_dispatch_request
    rv = self.handle_user_exception(e)
         ^^^^^^^^^^^^^^^^^^^^^^^^^^^^^
  File "/usr/lib/python3/dist-packages/flask/app.py", line 1666, in handle_user_exception
    return self.handle_http_exception(e)
           ^^^^^^^^^^^^^^^^^^^^^^^^^^^^^
  File "/usr/lib/python3/dist-packages/flask/app.py", line 1606, in handle_http_exception
    return self.ensure_sync(handler)(e)
           ^^^^^^^^^^^^^^^^^^^^^^^^^^^^
  File "/home/Jobmanager/app/__init__.py", line 93, in page_not_found
    return app.render_template('404.html'), 404
           ^^^^^^^^^^^^^^^^^^^
AttributeError: 'Flask' object has no attribute 'render_template'
2025-03-14 18:11:55,601 [INFO] Starting timer for job 70
2025-03-14 18:11:55,601 [INFO] Starting timer at: 2025-03-14T18:11:55
2025-03-14 18:11:55,602 [INFO] Stopping all active timers
2025-03-14 18:12:00,545 [ERROR] Exception on /favicon.ico [GET]
Traceback (most recent call last):
  File "/usr/lib/python3/dist-packages/flask/app.py", line 1820, in full_dispatch_request
    rv = self.dispatch_request()
         ^^^^^^^^^^^^^^^^^^^^^^^
  File "/usr/lib/python3/dist-packages/flask/app.py", line 1785, in dispatch_request
    self.raise_routing_exception(req)
  File "/usr/lib/python3/dist-packages/flask/app.py", line 1767, in raise_routing_exception
    raise request.routing_exception  # type: ignore
    ^^^^^^^^^^^^^^^^^^^^^^^^^^^^^^^
  File "/usr/lib/python3/dist-packages/flask/ctx.py", line 351, in match_request
    result = self.url_adapter.match(return_rule=True)  # type: ignore
             ^^^^^^^^^^^^^^^^^^^^^^^^^^^^^^^^^^^^^^^^
  File "/usr/lib/python3/dist-packages/werkzeug/routing/map.py", line 624, in match
    raise NotFound() from None
werkzeug.exceptions.NotFound: 404 Not Found: The requested URL was not found on the server. If you entered the URL manually please check your spelling and try again.

During handling of the above exception, another exception occurred:

Traceback (most recent call last):
  File "/usr/lib/python3/dist-packages/flask/app.py", line 2525, in wsgi_app
    response = self.full_dispatch_request()
               ^^^^^^^^^^^^^^^^^^^^^^^^^^^^
  File "/usr/lib/python3/dist-packages/flask/app.py", line 1822, in full_dispatch_request
    rv = self.handle_user_exception(e)
         ^^^^^^^^^^^^^^^^^^^^^^^^^^^^^
  File "/usr/lib/python3/dist-packages/flask/app.py", line 1666, in handle_user_exception
    return self.handle_http_exception(e)
           ^^^^^^^^^^^^^^^^^^^^^^^^^^^^^
  File "/usr/lib/python3/dist-packages/flask/app.py", line 1606, in handle_http_exception
    return self.ensure_sync(handler)(e)
           ^^^^^^^^^^^^^^^^^^^^^^^^^^^^
  File "/home/Jobmanager/app/__init__.py", line 93, in page_not_found
    return app.render_template('404.html'), 404
           ^^^^^^^^^^^^^^^^^^^
AttributeError: 'Flask' object has no attribute 'render_template'
2025-03-14 18:12:13,083 [INFO] Root path: /home/Jobmanager
2025-03-14 18:12:13,083 [INFO] Current working directory: /home/Jobmanager
2025-03-14 18:12:13,083 [INFO] Instance path: /home/Jobmanager/instance
2025-03-14 18:12:13,083 [INFO] Creating full backup at: /home/Jobmanager/backups/jobmanager_backup_20250314_1812.zip
2025-03-14 18:12:13,083 [INFO] Adding file: /home/Jobmanager/run.py
2025-03-14 18:12:13,084 [INFO] Adding file: /home/Jobmanager/init_db.py
2025-03-14 18:12:13,084 [INFO] Adding file: /home/Jobmanager/gitback.sh
2025-03-14 18:12:13,084 [INFO] Adding to zip: app/db.py
2025-03-14 18:12:13,084 [INFO] Adding to zip: app/__init__.py
2025-03-14 18:12:13,085 [INFO] Adding to zip: app/schema.sql
2025-03-14 18:12:13,085 [INFO] Adding to zip: app/routes/image_routes.py
2025-03-14 18:12:13,086 [INFO] Adding to zip: app/routes/system_routes.py
2025-03-14 18:12:13,086 [INFO] Adding to zip: app/routes/__init__.py
2025-03-14 18:12:13,086 [INFO] Adding to zip: app/routes/customer_routes.py
2025-03-14 18:12:13,087 [INFO] Adding to zip: app/routes/job_routes.py
2025-03-14 18:12:13,087 [INFO] Adding to zip: app/routes/report_routes.py
2025-03-14 18:12:13,088 [INFO] Adding to zip: app/routes/timer_routes.py
2025-03-14 18:12:13,088 [INFO] Adding to zip: app/utils/date_helper.py
2025-03-14 18:12:13,089 [INFO] Adding to zip: app/utils/time_utils.py
2025-03-14 18:12:13,089 [INFO] Adding to zip: app/utils/job_utils.py
2025-03-14 18:12:13,089 [INFO] Adding to zip: app/utils/material_utils.py
2025-03-14 18:12:13,089 [INFO] Adding to zip: app/utils/timer_utils.py
2025-03-14 18:12:13,090 [INFO] Adding to zip: app/utils/__init__.py
2025-03-14 18:12:13,090 [INFO] Adding to zip: app/utils/invoice_utils.py
2025-03-14 18:12:13,090 [INFO] Adding to zip: app/utils/error_utils.py
2025-03-14 18:12:13,090 [INFO] Adding to zip: app/utils/profile_utils.py
2025-03-14 18:12:13,091 [INFO] Adding to zip: app/utils/image_utils.py
2025-03-14 18:12:13,091 [INFO] Adding to zip: app/templates/customer_form.html
2025-03-14 18:12:13,091 [INFO] Adding to zip: app/templates/quick_timer.html
2025-03-14 18:12:13,092 [INFO] Adding to zip: app/templates/system_settings.html
2025-03-14 18:12:13,092 [INFO] Adding to zip: app/templates/shared_images.html
2025-03-14 18:12:13,092 [INFO] Adding to zip: app/templates/weekly_summary.html
2025-03-14 18:12:13,093 [INFO] Adding to zip: app/templates/job_details.html
2025-03-14 18:12:13,094 [INFO] Adding to zip: app/templates/invoice.html
2025-03-14 18:12:13,094 [INFO] Adding to zip: app/templates/job_form.html
2025-03-14 18:12:13,095 [INFO] Adding to zip: app/templates/customer_list.html
2025-03-14 18:12:13,095 [INFO] Adding to zip: app/templates/500.html
2025-03-14 18:12:13,095 [INFO] Adding to zip: app/templates/invoice.html.new
2025-03-14 18:12:13,096 [INFO] Adding to zip: app/templates/base.html
2025-03-14 18:12:13,096 [INFO] Adding to zip: app/templates/profile_settings.html
2025-03-14 18:12:13,096 [INFO] Adding to zip: app/templates/job_list.html
2025-03-14 18:12:13,097 [INFO] Adding to zip: app/templates/404.html
2025-03-14 18:12:13,097 [INFO] Adding to zip: app/static/favicon.ico
2025-03-14 18:12:13,097 [INFO] Adding to zip: app/static/qr-quick_timer.svg
2025-03-14 18:12:13,098 [INFO] Adding to zip: app/static/js/file_upload.js
2025-03-14 18:12:13,098 [INFO] Adding to zip: app/static/css/styles.css
2025-03-14 18:12:13,099 [INFO] Adding to zip: app/static/css/file-upload.css
2025-03-14 18:12:13,099 [INFO] Adding to zip: instance/user_profile.json
2025-03-14 18:12:13,099 [INFO] Full backup created at: /home/Jobmanager/backups/jobmanager_backup_20250314_1812.zip
2025-03-14 18:12:13,099 [INFO] Backup file exists: True
2025-03-14 18:30:39,011 [ERROR] Exception on /favicon.ico [GET]
Traceback (most recent call last):
  File "/usr/lib/python3/dist-packages/flask/app.py", line 1820, in full_dispatch_request
    rv = self.dispatch_request()
         ^^^^^^^^^^^^^^^^^^^^^^^
  File "/usr/lib/python3/dist-packages/flask/app.py", line 1785, in dispatch_request
    self.raise_routing_exception(req)
  File "/usr/lib/python3/dist-packages/flask/app.py", line 1767, in raise_routing_exception
    raise request.routing_exception  # type: ignore
    ^^^^^^^^^^^^^^^^^^^^^^^^^^^^^^^
  File "/usr/lib/python3/dist-packages/flask/ctx.py", line 351, in match_request
    result = self.url_adapter.match(return_rule=True)  # type: ignore
             ^^^^^^^^^^^^^^^^^^^^^^^^^^^^^^^^^^^^^^^^
  File "/usr/lib/python3/dist-packages/werkzeug/routing/map.py", line 624, in match
    raise NotFound() from None
werkzeug.exceptions.NotFound: 404 Not Found: The requested URL was not found on the server. If you entered the URL manually please check your spelling and try again.

During handling of the above exception, another exception occurred:

Traceback (most recent call last):
  File "/usr/lib/python3/dist-packages/flask/app.py", line 2525, in wsgi_app
    response = self.full_dispatch_request()
               ^^^^^^^^^^^^^^^^^^^^^^^^^^^^
  File "/usr/lib/python3/dist-packages/flask/app.py", line 1822, in full_dispatch_request
    rv = self.handle_user_exception(e)
         ^^^^^^^^^^^^^^^^^^^^^^^^^^^^^
  File "/usr/lib/python3/dist-packages/flask/app.py", line 1666, in handle_user_exception
    return self.handle_http_exception(e)
           ^^^^^^^^^^^^^^^^^^^^^^^^^^^^^
  File "/usr/lib/python3/dist-packages/flask/app.py", line 1606, in handle_http_exception
    return self.ensure_sync(handler)(e)
           ^^^^^^^^^^^^^^^^^^^^^^^^^^^^
  File "/home/Jobmanager/app/__init__.py", line 93, in page_not_found
    return app.render_template('404.html'), 404
           ^^^^^^^^^^^^^^^^^^^
AttributeError: 'Flask' object has no attribute 'render_template'
2025-03-14 18:30:44,621 [INFO] Stopping timer for job 70
2025-03-14 18:30:44,912 [ERROR] Exception on /favicon.ico [GET]
Traceback (most recent call last):
  File "/usr/lib/python3/dist-packages/flask/app.py", line 1820, in full_dispatch_request
    rv = self.dispatch_request()
         ^^^^^^^^^^^^^^^^^^^^^^^
  File "/usr/lib/python3/dist-packages/flask/app.py", line 1785, in dispatch_request
    self.raise_routing_exception(req)
  File "/usr/lib/python3/dist-packages/flask/app.py", line 1767, in raise_routing_exception
    raise request.routing_exception  # type: ignore
    ^^^^^^^^^^^^^^^^^^^^^^^^^^^^^^^
  File "/usr/lib/python3/dist-packages/flask/ctx.py", line 351, in match_request
    result = self.url_adapter.match(return_rule=True)  # type: ignore
             ^^^^^^^^^^^^^^^^^^^^^^^^^^^^^^^^^^^^^^^^
  File "/usr/lib/python3/dist-packages/werkzeug/routing/map.py", line 624, in match
    raise NotFound() from None
werkzeug.exceptions.NotFound: 404 Not Found: The requested URL was not found on the server. If you entered the URL manually please check your spelling and try again.

During handling of the above exception, another exception occurred:

Traceback (most recent call last):
  File "/usr/lib/python3/dist-packages/flask/app.py", line 2525, in wsgi_app
    response = self.full_dispatch_request()
               ^^^^^^^^^^^^^^^^^^^^^^^^^^^^
  File "/usr/lib/python3/dist-packages/flask/app.py", line 1822, in full_dispatch_request
    rv = self.handle_user_exception(e)
         ^^^^^^^^^^^^^^^^^^^^^^^^^^^^^
  File "/usr/lib/python3/dist-packages/flask/app.py", line 1666, in handle_user_exception
    return self.handle_http_exception(e)
           ^^^^^^^^^^^^^^^^^^^^^^^^^^^^^
  File "/usr/lib/python3/dist-packages/flask/app.py", line 1606, in handle_http_exception
    return self.ensure_sync(handler)(e)
           ^^^^^^^^^^^^^^^^^^^^^^^^^^^^
  File "/home/Jobmanager/app/__init__.py", line 93, in page_not_found
    return app.render_template('404.html'), 404
           ^^^^^^^^^^^^^^^^^^^
AttributeError: 'Flask' object has no attribute 'render_template'
2025-03-14 19:15:47,551 [INFO] Weekly summary request - selected_week: None, show_all: False
2025-03-14 19:15:47,551 [INFO] No week selected, using current week: 2025-W11
2025-03-14 19:15:47,551 [INFO] Fetching available weeks
2025-03-14 19:15:47,552 [INFO] Found 38 distinct dates with time entries
2025-03-14 19:15:47,554 [INFO] Processed 6 unique weeks
2025-03-14 19:15:47,554 [INFO] Final view settings - selected_week: 2025-W11, show_all: False
2025-03-14 19:15:47,554 [INFO] Found 35 time entries for week 2025-W11
2025-03-14 19:15:52,183 [INFO] Weekly summary request - selected_week: None, show_all: False
2025-03-14 19:15:52,183 [INFO] No week selected, using current week: 2025-W11
2025-03-14 19:15:52,183 [INFO] Fetching available weeks
2025-03-14 19:15:52,184 [INFO] Found 38 distinct dates with time entries
2025-03-14 19:15:52,185 [INFO] Processed 6 unique weeks
2025-03-14 19:15:52,186 [INFO] Final view settings - selected_week: 2025-W11, show_all: False
2025-03-14 19:15:52,186 [INFO] Found 35 time entries for week 2025-W11
2025-03-14 19:15:54,879 [INFO] Weekly summary request - selected_week: 2025-W11, show_all: True
2025-03-14 19:15:54,879 [INFO] Fetching available weeks
2025-03-14 19:15:54,880 [INFO] Found 38 distinct dates with time entries
2025-03-14 19:15:54,881 [INFO] Processed 6 unique weeks
2025-03-14 19:15:54,882 [INFO] Final view settings - selected_week: 2025-W11, show_all: True
2025-03-14 19:15:54,884 [INFO] Generated summary for 6 weeks
2025-03-14 19:15:57,525 [INFO] Weekly summary request - selected_week: 2025-W10, show_all: False
2025-03-14 19:15:57,525 [INFO] Fetching available weeks
2025-03-14 19:15:57,526 [INFO] Found 38 distinct dates with time entries
2025-03-14 19:15:57,526 [INFO] Processed 6 unique weeks
2025-03-14 19:15:57,526 [INFO] Week selected from dropdown: 2025-W10, setting show_all=False
2025-03-14 19:15:57,526 [INFO] Final view settings - selected_week: 2025-W10, show_all: False
2025-03-14 19:15:57,527 [INFO] Found 23 time entries for week 2025-W10
2025-03-14 19:16:06,284 [INFO] Weekly summary request - selected_week: 2025-W11, show_all: False
2025-03-14 19:16:06,284 [INFO] Fetching available weeks
2025-03-14 19:16:06,285 [INFO] Found 38 distinct dates with time entries
2025-03-14 19:16:06,285 [INFO] Processed 6 unique weeks
2025-03-14 19:16:06,285 [INFO] Final view settings - selected_week: 2025-W11, show_all: False
2025-03-14 19:16:06,286 [INFO] Found 35 time entries for week 2025-W11
2025-03-14 20:29:44,535 [INFO] Weekly summary request - selected_week: None, show_all: False
2025-03-14 20:29:44,535 [INFO] No week selected, using current week: 2025-W11
2025-03-14 20:29:44,535 [INFO] Fetching available weeks
2025-03-14 20:29:44,536 [INFO] Found 38 distinct dates with time entries
2025-03-14 20:29:44,536 [INFO] Processed 6 unique weeks
2025-03-14 20:29:44,536 [INFO] Final view settings - selected_week: 2025-W11, show_all: False
2025-03-14 20:29:44,537 [INFO] Found 35 time entries for week 2025-W11
2025-03-14 20:32:07,950 [INFO] Starting timer for job 71
2025-03-14 20:32:07,950 [INFO] Starting timer at: 2025-03-14T20:32:07
2025-03-14 20:32:07,950 [INFO] Stopping all active timers
2025-03-14 20:32:14,822 [INFO] Stopping timer for job 71
2025-03-14 20:33:16,475 [INFO] Weekly summary request - selected_week: None, show_all: False
2025-03-14 20:33:16,475 [INFO] No week selected, using current week: 2025-W11
2025-03-14 20:33:16,475 [INFO] Fetching available weeks
2025-03-14 20:33:16,475 [INFO] Found 38 distinct dates with time entries
2025-03-14 20:33:16,476 [INFO] Processed 6 unique weeks
2025-03-14 20:33:16,476 [INFO] Final view settings - selected_week: 2025-W11, show_all: False
2025-03-14 20:33:16,476 [INFO] Found 36 time entries for week 2025-W11
2025-03-14 20:35:34,139 [INFO] Weekly summary request - selected_week: None, show_all: False
2025-03-14 20:35:34,139 [INFO] No week selected, using current week: 2025-W11
2025-03-14 20:35:34,139 [INFO] Fetching available weeks
2025-03-14 20:35:34,139 [INFO] Found 38 distinct dates with time entries
2025-03-14 20:35:34,141 [INFO] Processed 6 unique weeks
2025-03-14 20:35:34,141 [INFO] Final view settings - selected_week: 2025-W11, show_all: False
2025-03-14 20:35:34,142 [INFO] Found 36 time entries for week 2025-W11
2025-03-14 20:41:40,585 [INFO] Weekly summary request - selected_week: None, show_all: False
2025-03-14 20:41:40,585 [INFO] No week selected, using current week: 2025-W11
2025-03-14 20:41:40,585 [INFO] Fetching available weeks
2025-03-14 20:41:40,585 [INFO] Found 38 distinct dates with time entries
2025-03-14 20:41:40,586 [INFO] Processed 6 unique weeks
2025-03-14 20:41:40,586 [INFO] Final view settings - selected_week: 2025-W11, show_all: False
2025-03-14 20:41:40,586 [INFO] Found 36 time entries for week 2025-W11
2025-03-14 20:47:58,516 [ERROR] Exception on /image/shared/28e04b8e-bcc5-4f26-bc4f-1b637d9f7ec0 [GET]
Traceback (most recent call last):
  File "/usr/lib/python3/dist-packages/flask/app.py", line 1820, in full_dispatch_request
    rv = self.dispatch_request()
         ^^^^^^^^^^^^^^^^^^^^^^^
  File "/usr/lib/python3/dist-packages/flask/app.py", line 1796, in dispatch_request
    return self.ensure_sync(self.view_functions[rule.endpoint])(**view_args)
           ^^^^^^^^^^^^^^^^^^^^^^^^^^^^^^^^^^^^^^^^^^^^^^^^^^^^^^^^^^^^^^^^^
  File "/home/Jobmanager/app/routes/image_routes.py", line 311, in shared_images
    abort(404)
  File "/usr/lib/python3/dist-packages/flask/helpers.py", line 310, in abort
    current_app.aborter(code, *args, **kwargs)
  File "/usr/lib/python3/dist-packages/werkzeug/exceptions.py", line 864, in __call__
    raise self.mapping[code](*args, **kwargs)
werkzeug.exceptions.NotFound: 404 Not Found: The requested URL was not found on the server. If you entered the URL manually please check your spelling and try again.

During handling of the above exception, another exception occurred:

Traceback (most recent call last):
  File "/usr/lib/python3/dist-packages/flask/app.py", line 2525, in wsgi_app
    response = self.full_dispatch_request()
               ^^^^^^^^^^^^^^^^^^^^^^^^^^^^
  File "/usr/lib/python3/dist-packages/flask/app.py", line 1822, in full_dispatch_request
    rv = self.handle_user_exception(e)
         ^^^^^^^^^^^^^^^^^^^^^^^^^^^^^
  File "/usr/lib/python3/dist-packages/flask/app.py", line 1666, in handle_user_exception
    return self.handle_http_exception(e)
           ^^^^^^^^^^^^^^^^^^^^^^^^^^^^^
  File "/usr/lib/python3/dist-packages/flask/app.py", line 1606, in handle_http_exception
    return self.ensure_sync(handler)(e)
           ^^^^^^^^^^^^^^^^^^^^^^^^^^^^
  File "/home/Jobmanager/app/__init__.py", line 93, in page_not_found
    return app.render_template('404.html'), 404
           ^^^^^^^^^^^^^^^^^^^
AttributeError: 'Flask' object has no attribute 'render_template'
2025-03-14 20:49:44,340 [INFO] Weekly summary request - selected_week: None, show_all: False
2025-03-14 20:49:44,340 [INFO] No week selected, using current week: 2025-W11
2025-03-14 20:49:44,340 [INFO] Fetching available weeks
2025-03-14 20:49:44,340 [INFO] Found 38 distinct dates with time entries
2025-03-14 20:49:44,341 [INFO] Processed 6 unique weeks
2025-03-14 20:49:44,341 [INFO] Final view settings - selected_week: 2025-W11, show_all: False
2025-03-14 20:49:44,341 [INFO] Found 36 time entries for week 2025-W11
2025-03-14 20:49:52,451 [INFO] Root path: /home/Jobmanager
2025-03-14 20:49:52,451 [INFO] Current working directory: /home/Jobmanager
2025-03-14 20:49:52,451 [INFO] Instance path: /home/Jobmanager/instance
2025-03-14 20:49:52,451 [INFO] Creating full backup at: /home/Jobmanager/backups/jobmanager_backup_20250314_2049.zip
2025-03-14 20:49:52,452 [INFO] Adding file: /home/Jobmanager/run.py
2025-03-14 20:49:52,452 [INFO] Adding file: /home/Jobmanager/init_db.py
2025-03-14 20:49:52,452 [INFO] Adding file: /home/Jobmanager/gitback.sh
2025-03-14 20:49:52,453 [INFO] Adding to zip: app/db.py
2025-03-14 20:49:52,453 [INFO] Adding to zip: app/__init__.py
2025-03-14 20:49:52,454 [INFO] Adding to zip: app/schema.sql
2025-03-14 20:49:52,454 [INFO] Adding to zip: app/routes/image_routes.py
2025-03-14 20:49:52,455 [INFO] Adding to zip: app/routes/system_routes.py
2025-03-14 20:49:52,455 [INFO] Adding to zip: app/routes/__init__.py
2025-03-14 20:49:52,456 [INFO] Adding to zip: app/routes/customer_routes.py
2025-03-14 20:49:52,456 [INFO] Adding to zip: app/routes/job_routes.py
2025-03-14 20:49:52,457 [INFO] Adding to zip: app/routes/report_routes.py
2025-03-14 20:49:52,457 [INFO] Adding to zip: app/routes/timer_routes.py
2025-03-14 20:49:52,458 [INFO] Adding to zip: app/utils/date_helper.py
2025-03-14 20:49:52,458 [INFO] Adding to zip: app/utils/time_utils.py
2025-03-14 20:49:52,459 [INFO] Adding to zip: app/utils/job_utils.py
2025-03-14 20:49:52,459 [INFO] Adding to zip: app/utils/material_utils.py
2025-03-14 20:49:52,459 [INFO] Adding to zip: app/utils/timer_utils.py
2025-03-14 20:49:52,460 [INFO] Adding to zip: app/utils/__init__.py
2025-03-14 20:49:52,460 [INFO] Adding to zip: app/utils/invoice_utils.py
2025-03-14 20:49:52,460 [INFO] Adding to zip: app/utils/error_utils.py
2025-03-14 20:49:52,460 [INFO] Adding to zip: app/utils/profile_utils.py
2025-03-14 20:49:52,461 [INFO] Adding to zip: app/utils/image_utils.py
2025-03-14 20:49:52,461 [INFO] Adding to zip: app/templates/customer_form.html
2025-03-14 20:49:52,462 [INFO] Adding to zip: app/templates/quick_timer.html
2025-03-14 20:49:52,462 [INFO] Adding to zip: app/templates/system_settings.html
2025-03-14 20:49:52,462 [INFO] Adding to zip: app/templates/shared_images.html
2025-03-14 20:49:52,463 [INFO] Adding to zip: app/templates/weekly_summary.html
2025-03-14 20:49:52,463 [INFO] Adding to zip: app/templates/job_details.html
2025-03-14 20:49:52,464 [INFO] Adding to zip: app/templates/invoice.html
2025-03-14 20:49:52,465 [INFO] Adding to zip: app/templates/job_form.html
2025-03-14 20:49:52,465 [INFO] Adding to zip: app/templates/customer_list.html
2025-03-14 20:49:52,466 [INFO] Adding to zip: app/templates/500.html
2025-03-14 20:49:52,466 [INFO] Adding to zip: app/templates/invoice.html.new
2025-03-14 20:49:52,467 [INFO] Adding to zip: app/templates/base.html
2025-03-14 20:49:52,467 [INFO] Adding to zip: app/templates/profile_settings.html
2025-03-14 20:49:52,467 [INFO] Adding to zip: app/templates/job_list.html
2025-03-14 20:49:52,468 [INFO] Adding to zip: app/templates/404.html
2025-03-14 20:49:52,468 [INFO] Adding to zip: app/static/favicon.ico
2025-03-14 20:49:52,469 [INFO] Adding to zip: app/static/qr-quick_timer.svg
2025-03-14 20:49:52,469 [INFO] Adding to zip: app/static/js/file_upload.js
2025-03-14 20:49:52,469 [INFO] Adding to zip: app/static/css/styles.css
2025-03-14 20:49:52,470 [INFO] Adding to zip: app/static/css/file-upload.css
2025-03-14 20:49:52,471 [INFO] Adding to zip: instance/user_profile.json
2025-03-14 20:49:52,471 [INFO] Full backup created at: /home/Jobmanager/backups/jobmanager_backup_20250314_2049.zip
2025-03-14 20:49:52,471 [INFO] Backup file exists: True
2025-03-14 20:49:55,332 [INFO] Root path: /home/Jobmanager
2025-03-14 20:49:55,333 [INFO] Current working directory: /home/Jobmanager
2025-03-14 20:49:55,333 [INFO] Instance path: /home/Jobmanager/instance
2025-03-14 20:49:55,333 [INFO] DB Path: /home/Jobmanager/instance/jobmanager.db
2025-03-14 20:49:55,333 [INFO] Backup Path: /home/Jobmanager/backups/db_backup_20250314_2049.db
2025-03-14 20:49:55,333 [INFO] Database backup created at: /home/Jobmanager/backups/db_backup_20250314_2049.db
2025-03-14 20:49:55,333 [INFO] Backup file exists: True
2025-03-15 07:04:38,720 [INFO] Time synchronized with NTP servers
2025-03-15 07:04:45,353 [INFO] System timezone set to Europe/Berlin
2025-03-15 07:41:31,849 [INFO] Starting timer for job 4
2025-03-15 07:41:31,849 [INFO] Starting timer at: 2025-03-15T07:41:31
2025-03-15 07:41:31,849 [INFO] Stopping all active timers
2025-03-15 07:46:37,672 [INFO] Weekly summary request - selected_week: None, show_all: False
2025-03-15 07:46:37,672 [INFO] No week selected, using current week: 2025-W11
2025-03-15 07:46:37,672 [INFO] Fetching available weeks
2025-03-15 07:46:37,673 [INFO] Found 39 distinct dates with time entries
2025-03-15 07:46:37,673 [INFO] Processed 6 unique weeks
2025-03-15 07:46:37,673 [INFO] Final view settings - selected_week: 2025-W11, show_all: False
2025-03-15 07:46:37,674 [INFO] Found 37 time entries for week 2025-W11
2025-03-15 08:21:54,184 [INFO] Stopping timer for job 4
2025-03-15 08:22:34,633 [INFO] Starting timer for job 72
2025-03-15 08:22:34,633 [INFO] Starting timer at: 2025-03-15T08:22:34
2025-03-15 08:22:34,633 [INFO] Stopping all active timers
2025-03-15 09:32:04,834 [INFO] Stopping timer for job 72
